2019-09-17 09:51:56,903 [Worker-30] WARN  o.e.r.models.ModelRepository - Failed to download org.eclipse.recommenders:index::zip:0.0.0
org.eclipse.aether.resolution.ArtifactResolutionException: Could not find artifact org.eclipse.recommenders:index:zip:0.0.0-SNAPSHOT in models (http://download.eclipse.org/recommenders/models/mars/)
	at org.eclipse.aether.internal.impl.DefaultArtifactResolver.resolve(DefaultArtifactResolver.java:444) ~[na:na]
	at org.eclipse.aether.internal.impl.DefaultArtifactResolver.resolveArtifacts(DefaultArtifactResolver.java:246) ~[na:na]
	at org.eclipse.aether.internal.impl.DefaultArtifactResolver.resolveArtifact(DefaultArtifactResolver.java:223) ~[na:na]
	at org.eclipse.aether.internal.impl.DefaultRepositorySystem.resolveArtifact(DefaultRepositorySystem.java:294) ~[na:na]
	at org.eclipse.recommenders.models.ModelRepository.resolveInternal(ModelRepository.java:192) [org.eclipse.recommenders.models_2.3.0.v20160216-1255.jar:na]
	at org.eclipse.recommenders.models.ModelRepository.resolve(ModelRepository.java:174) [org.eclipse.recommenders.models_2.3.0.v20160216-1255.jar:na]
	at org.eclipse.recommenders.internal.models.rcp.EclipseModelRepository.resolve(EclipseModelRepository.java:165) [org.eclipse.recommenders.models.rcp_2.3.0.v20160216-1255.jar:na]
	at org.eclipse.recommenders.internal.models.rcp.DownloadModelArchiveJob.run(DownloadModelArchiveJob.java:76) [org.eclipse.recommenders.models.rcp_2.3.0.v20160216-1255.jar:na]
	at org.eclipse.core.internal.jobs.Worker.run(Worker.java:55) [org.eclipse.core.jobs_3.7.0.v20150330-2103.jar:na]
Caused by: org.eclipse.aether.transfer.ArtifactNotFoundException: Could not find artifact org.eclipse.recommenders:index:zip:0.0.0-SNAPSHOT in models (http://download.eclipse.org/recommenders/models/mars/)
	at org.eclipse.aether.connector.basic.ArtifactTransportListener.transferFailed(ArtifactTransportListener.java:39) ~[org.eclipse.aether.connector.basic_1.0.1.v20141111.jar:na]
	at org.eclipse.aether.connector.basic.BasicRepositoryConnector$TaskRunner.run(BasicRepositoryConnector.java:355) ~[org.eclipse.aether.connector.basic_1.0.1.v20141111.jar:na]
	at org.eclipse.aether.util.concurrency.RunnableErrorForwarder$1.run(RunnableErrorForwarder.java:67) ~[na:na]
	at org.eclipse.aether.connector.basic.BasicRepositoryConnector$DirectExecutor.execute(BasicRepositoryConnector.java:581) ~[org.eclipse.aether.connector.basic_1.0.1.v20141111.jar:na]
	at org.eclipse.aether.connector.basic.BasicRepositoryConnector.get(BasicRepositoryConnector.java:249) ~[org.eclipse.aether.connector.basic_1.0.1.v20141111.jar:na]
	at org.eclipse.aether.internal.impl.DefaultArtifactResolver.performDownloads(DefaultArtifactResolver.java:520) ~[na:na]
	at org.eclipse.aether.internal.impl.DefaultArtifactResolver.resolve(DefaultArtifactResolver.java:421) ~[na:na]
	... 8 common frames omitted
2019-09-17 11:35:02,292 [Worker-37] INFO  o.e.m.c.i.p.ProjectConfigurationManager - Collecting project info '/pom.xml' D:\hcljava\Day29\Employee\pom.xml
2019-09-17 11:35:09,815 [Worker-37] INFO  o.e.m.c.i.l.LifecycleMappingFactory - Using org.maven.ide.eclipse.wtp.WarLifecycleMapping lifecycle mapping for MavenProject: hcl:Employee:0.0.1-SNAPSHOT @ D:\hcljava\Day29\Employee\pom.xml.
2019-09-17 11:35:13,701 [Worker-37] INFO  o.e.m.j.i.AbstractJavaProjectConfigurator - Adding source folder /Employee/src/main/java
2019-09-17 11:35:13,702 [Worker-37] INFO  o.e.m.j.i.AbstractJavaProjectConfigurator - Adding resource folder /Employee/src/main/resources
2019-09-17 11:35:13,702 [Worker-37] INFO  o.e.m.j.i.AbstractJavaProjectConfigurator - Adding source folder /Employee/src/test/java
2019-09-17 11:35:16,315 [Worker-37] INFO  o.e.m.c.i.p.ProjectConfigurationManager - Imported and configured 1 project(s) in 14 sec
2019-09-17 11:35:17,251 [Worker-45] WARN  o.e.m.c.i.embedder.EclipseLogger - Using platform encoding (Cp1252 actually) to copy filtered resources, i.e. build is platform dependent!
2019-09-17 11:35:17,381 [Worker-45] INFO  o.e.m.c.i.embedder.EclipseLogger - Copying 0 resource
2019-09-17 11:35:17,388 [Worker-45] WARN  o.e.m.c.i.embedder.EclipseLogger - Using platform encoding (Cp1252 actually) to copy filtered resources, i.e. build is platform dependent!
2019-09-17 11:35:17,491 [Worker-45] INFO  o.e.m.c.i.embedder.EclipseLogger - skip non existing resourceDirectory D:\hcljava\Day29\Employee\src\test\resources
2019-09-17 11:37:29,572 [Worker-51] INFO  o.e.m.c.i.l.LifecycleMappingFactory - Using org.maven.ide.eclipse.wtp.WarLifecycleMapping lifecycle mapping for MavenProject: com.jwt.spring:SpringMVCHibernateCRUD:1.0-SNAPSHOT @ D:\hcljava\Day29\Employee\pom.xml.
2019-09-17 11:37:36,134 [Worker-51] WARN  o.e.m.c.i.embedder.EclipseLogger - Using platform encoding (Cp1252 actually) to copy filtered resources, i.e. build is platform dependent!
2019-09-17 11:37:36,142 [Worker-51] INFO  o.e.m.c.i.embedder.EclipseLogger - Copying 0 resource
2019-09-17 11:37:36,144 [Worker-51] WARN  o.e.m.c.i.embedder.EclipseLogger - Using platform encoding (Cp1252 actually) to copy filtered resources, i.e. build is platform dependent!
2019-09-17 11:37:36,151 [Worker-51] INFO  o.e.m.c.i.embedder.EclipseLogger - skip non existing resourceDirectory D:\hcljava\Day29\Employee\src\test\resources
2019-09-17 11:37:36,153 [Worker-51] INFO  o.e.m.w.i.f.ResourceFilteringBuildParticipant - Changed resources require a complete clean of filtered resources of Employee
2019-09-17 11:37:36,154 [Worker-51] INFO  o.e.m.w.i.f.ResourceFilteringBuildParticipant - Executing resource filtering for Employee
2019-09-17 11:37:36,159 [Worker-51] WARN  o.e.m.c.i.embedder.EclipseLogger - Using platform encoding (Cp1252 actually) to copy filtered resources, i.e. build is platform dependent!
2019-09-17 11:37:37,518 [Worker-47] WARN  o.e.m.c.i.embedder.EclipseLogger - Using platform encoding (Cp1252 actually) to copy filtered resources, i.e. build is platform dependent!
2019-09-17 11:37:37,526 [Worker-47] INFO  o.e.m.c.i.embedder.EclipseLogger - Copying 0 resource
2019-09-17 11:37:37,528 [Worker-47] WARN  o.e.m.c.i.embedder.EclipseLogger - Using platform encoding (Cp1252 actually) to copy filtered resources, i.e. build is platform dependent!
2019-09-17 11:37:37,535 [Worker-47] INFO  o.e.m.c.i.embedder.EclipseLogger - skip non existing resourceDirectory D:\hcljava\Day29\Employee\src\test\resources
2019-09-17 11:41:28,979 [Worker-6] INFO  o.e.m.c.i.l.LifecycleMappingFactory - Using org.maven.ide.eclipse.wtp.WarLifecycleMapping lifecycle mapping for MavenProject: com.jwt.spring:SpringMVCHibernateCRUD:1.0-SNAPSHOT @ D:\hcljava\Day29\Employee\pom.xml.
2019-09-17 11:41:31,151 [Worker-6] WARN  o.e.m.c.i.embedder.EclipseLogger - Using platform encoding (Cp1252 actually) to copy filtered resources, i.e. build is platform dependent!
2019-09-17 11:41:31,172 [Worker-6] INFO  o.e.m.c.i.embedder.EclipseLogger - Copying 0 resource
2019-09-17 11:41:31,176 [Worker-6] WARN  o.e.m.c.i.embedder.EclipseLogger - Using platform encoding (Cp1252 actually) to copy filtered resources, i.e. build is platform dependent!
2019-09-17 11:41:31,193 [Worker-6] INFO  o.e.m.c.i.embedder.EclipseLogger - skip non existing resourceDirectory D:\hcljava\Day29\Employee\src\test\resources
2019-09-17 11:41:36,383 [Worker-10] INFO  o.e.m.c.i.l.LifecycleMappingFactory - Using org.maven.ide.eclipse.wtp.WarLifecycleMapping lifecycle mapping for MavenProject: com.jwt.spring:SpringMVCHibernateCRUD:1.0-SNAPSHOT @ D:\hcljava\Day29\Employee\pom.xml.
2019-09-17 11:41:41,238 [Worker-14] WARN  o.e.m.c.i.embedder.EclipseLogger - Using platform encoding (Cp1252 actually) to copy filtered resources, i.e. build is platform dependent!
2019-09-17 11:41:41,350 [Worker-14] INFO  o.e.m.c.i.embedder.EclipseLogger - Copying 0 resource
2019-09-17 11:41:41,353 [Worker-14] WARN  o.e.m.c.i.embedder.EclipseLogger - Using platform encoding (Cp1252 actually) to copy filtered resources, i.e. build is platform dependent!
2019-09-17 11:41:41,438 [Worker-14] INFO  o.e.m.c.i.embedder.EclipseLogger - skip non existing resourceDirectory D:\hcljava\Day29\Employee\src\test\resources
2019-09-17 11:42:04,619 [Worker-19] INFO  o.e.m.c.i.p.ProjectConfigurationManager - Update started
2019-09-17 11:42:05,190 [Worker-19] INFO  o.e.m.c.i.l.LifecycleMappingFactory - Using org.maven.ide.eclipse.wtp.WarLifecycleMapping lifecycle mapping for MavenProject: com.jwt.spring:SpringMVCHibernateCRUD:1.0-SNAPSHOT @ D:\hcljava\Day29\Employee\pom.xml.
2019-09-17 11:42:06,539 [Worker-19] INFO  o.e.m.j.i.AbstractJavaProjectConfigurator - Adding source folder /Employee/src/main/java
2019-09-17 11:42:06,540 [Worker-19] INFO  o.e.m.j.i.AbstractJavaProjectConfigurator - Adding resource folder /Employee/src/main/resources
2019-09-17 11:42:06,540 [Worker-19] INFO  o.e.m.j.i.AbstractJavaProjectConfigurator - Adding source folder /Employee/src/test/java
2019-09-17 11:42:08,877 [Worker-19] INFO  o.e.m.w.i.f.ResourceFilteringBuildParticipant - Cleaning filtered folder for Employee
2019-09-17 11:42:08,883 [Worker-19] INFO  o.e.m.c.i.p.ProjectConfigurationManager - Update completed: 4 sec
2019-09-17 11:42:09,360 [Worker-16] WARN  o.e.m.c.i.embedder.EclipseLogger - Using platform encoding (Cp1252 actually) to copy filtered resources, i.e. build is platform dependent!
2019-09-17 11:42:09,372 [Worker-16] INFO  o.e.m.c.i.embedder.EclipseLogger - Copying 0 resource
2019-09-17 11:42:09,374 [Worker-16] WARN  o.e.m.c.i.embedder.EclipseLogger - Using platform encoding (Cp1252 actually) to copy filtered resources, i.e. build is platform dependent!
2019-09-17 11:42:09,383 [Worker-16] INFO  o.e.m.c.i.embedder.EclipseLogger - skip non existing resourceDirectory D:\hcljava\Day29\Employee\src\test\resources
2019-09-17 11:42:09,384 [Worker-16] INFO  o.e.m.w.i.f.ResourceFilteringBuildParticipant - Changed resources require a complete clean of filtered resources of Employee
2019-09-17 11:42:09,385 [Worker-16] INFO  o.e.m.w.i.f.ResourceFilteringBuildParticipant - Executing resource filtering for Employee
2019-09-17 11:42:09,397 [Worker-16] WARN  o.e.m.c.i.embedder.EclipseLogger - Using platform encoding (Cp1252 actually) to copy filtered resources, i.e. build is platform dependent!
2019-09-17 11:42:09,782 [Worker-5] WARN  o.e.m.c.i.embedder.EclipseLogger - Using platform encoding (Cp1252 actually) to copy filtered resources, i.e. build is platform dependent!
2019-09-17 11:42:09,797 [Worker-5] INFO  o.e.m.c.i.embedder.EclipseLogger - Copying 0 resource
2019-09-17 11:42:09,800 [Worker-5] WARN  o.e.m.c.i.embedder.EclipseLogger - Using platform encoding (Cp1252 actually) to copy filtered resources, i.e. build is platform dependent!
2019-09-17 11:42:09,814 [Worker-5] INFO  o.e.m.c.i.embedder.EclipseLogger - skip non existing resourceDirectory D:\hcljava\Day29\Employee\src\test\resources
2019-09-17 11:43:50,601 [Worker-8] WARN  o.e.m.c.i.embedder.EclipseLogger - Using platform encoding (Cp1252 actually) to copy filtered resources, i.e. build is platform dependent!
2019-09-17 11:43:50,652 [Worker-8] INFO  o.e.m.c.i.embedder.EclipseLogger - Copying 0 resource
2019-09-17 11:43:50,653 [Worker-8] WARN  o.e.m.c.i.embedder.EclipseLogger - Using platform encoding (Cp1252 actually) to copy filtered resources, i.e. build is platform dependent!
2019-09-17 11:43:50,668 [Worker-8] INFO  o.e.m.c.i.embedder.EclipseLogger - skip non existing resourceDirectory D:\hcljava\Day29\Employee\src\test\resources
2019-09-17 11:44:41,205 [Worker-11] WARN  o.e.m.c.i.embedder.EclipseLogger - Using platform encoding (Cp1252 actually) to copy filtered resources, i.e. build is platform dependent!
2019-09-17 11:44:41,230 [Worker-11] INFO  o.e.m.c.i.embedder.EclipseLogger - Copying 0 resource
2019-09-17 11:44:41,234 [Worker-11] WARN  o.e.m.c.i.embedder.EclipseLogger - Using platform encoding (Cp1252 actually) to copy filtered resources, i.e. build is platform dependent!
2019-09-17 11:44:41,258 [Worker-11] INFO  o.e.m.c.i.embedder.EclipseLogger - skip non existing resourceDirectory D:\hcljava\Day29\Employee\src\test\resources
2019-09-17 11:44:59,173 [Worker-0] WARN  o.e.m.c.i.embedder.EclipseLogger - Using platform encoding (Cp1252 actually) to copy filtered resources, i.e. build is platform dependent!
2019-09-17 11:44:59,184 [Worker-0] INFO  o.e.m.c.i.embedder.EclipseLogger - Copying 0 resource
2019-09-17 11:44:59,186 [Worker-0] WARN  o.e.m.c.i.embedder.EclipseLogger - Using platform encoding (Cp1252 actually) to copy filtered resources, i.e. build is platform dependent!
2019-09-17 11:44:59,196 [Worker-0] INFO  o.e.m.c.i.embedder.EclipseLogger - skip non existing resourceDirectory D:\hcljava\Day29\Employee\src\test\resources
2019-09-17 11:45:15,885 [Worker-20] WARN  o.e.m.c.i.embedder.EclipseLogger - Using platform encoding (Cp1252 actually) to copy filtered resources, i.e. build is platform dependent!
2019-09-17 11:45:15,913 [Worker-20] INFO  o.e.m.c.i.embedder.EclipseLogger - Copying 0 resource
2019-09-17 11:45:15,915 [Worker-20] WARN  o.e.m.c.i.embedder.EclipseLogger - Using platform encoding (Cp1252 actually) to copy filtered resources, i.e. build is platform dependent!
2019-09-17 11:45:15,926 [Worker-20] INFO  o.e.m.c.i.embedder.EclipseLogger - skip non existing resourceDirectory D:\hcljava\Day29\Employee\src\test\resources
2019-09-17 11:45:34,850 [Worker-4] WARN  o.e.m.c.i.embedder.EclipseLogger - Using platform encoding (Cp1252 actually) to copy filtered resources, i.e. build is platform dependent!
2019-09-17 11:45:34,861 [Worker-4] INFO  o.e.m.c.i.embedder.EclipseLogger - Copying 0 resource
2019-09-17 11:45:34,863 [Worker-4] WARN  o.e.m.c.i.embedder.EclipseLogger - Using platform encoding (Cp1252 actually) to copy filtered resources, i.e. build is platform dependent!
2019-09-17 11:45:34,874 [Worker-4] INFO  o.e.m.c.i.embedder.EclipseLogger - skip non existing resourceDirectory D:\hcljava\Day29\Employee\src\test\resources
2019-09-17 11:46:17,947 [Worker-5] INFO  o.e.m.c.i.l.LifecycleMappingFactory - Using org.maven.ide.eclipse.wtp.WarLifecycleMapping lifecycle mapping for MavenProject: com.jwt.spring:SpringMVCHibernateCRUD:1.0-SNAPSHOT @ D:\hcljava\Day29\java8streams\pom.xml.
2019-09-17 11:46:18,389 [Worker-5] WARN  o.e.m.c.i.embedder.EclipseLogger - Using platform encoding (Cp1252 actually) to copy filtered resources, i.e. build is platform dependent!
2019-09-17 11:46:18,406 [Worker-5] INFO  o.e.m.c.i.embedder.EclipseLogger - Copying 0 resource
2019-09-17 11:46:18,408 [Worker-5] WARN  o.e.m.c.i.embedder.EclipseLogger - Using platform encoding (Cp1252 actually) to copy filtered resources, i.e. build is platform dependent!
2019-09-17 11:46:18,419 [Worker-5] INFO  o.e.m.c.i.embedder.EclipseLogger - skip non existing resourceDirectory D:\hcljava\Day29\java8streams\src\test\resources
2019-09-17 11:46:20,406 [Worker-2] WARN  o.e.m.c.i.embedder.EclipseLogger - Using platform encoding (Cp1252 actually) to copy filtered resources, i.e. build is platform dependent!
2019-09-17 11:46:20,416 [Worker-2] INFO  o.e.m.c.i.embedder.EclipseLogger - Copying 0 resource
2019-09-17 11:46:20,417 [Worker-2] WARN  o.e.m.c.i.embedder.EclipseLogger - Using platform encoding (Cp1252 actually) to copy filtered resources, i.e. build is platform dependent!
2019-09-17 11:46:20,424 [Worker-2] INFO  o.e.m.c.i.embedder.EclipseLogger - skip non existing resourceDirectory D:\hcljava\Day29\java8streams\src\test\resources
2019-09-17 11:46:53,051 [Worker-9] INFO  o.e.m.c.i.p.ProjectConfigurationManager - Update started
2019-09-17 11:46:53,542 [Worker-9] INFO  o.e.m.c.i.l.LifecycleMappingFactory - Using org.maven.ide.eclipse.wtp.WarLifecycleMapping lifecycle mapping for MavenProject: com.jwt.spring:SpringMVCHibernateCRUD:1.0-SNAPSHOT @ D:\hcljava\Day29\java8streams\pom.xml.
2019-09-17 11:46:55,000 [Worker-9] INFO  o.e.m.j.i.AbstractJavaProjectConfigurator - Adding source folder /java8streams/src/main/java
2019-09-17 11:46:55,000 [Worker-9] INFO  o.e.m.j.i.AbstractJavaProjectConfigurator - Adding resource folder /java8streams/src/main/resources
2019-09-17 11:46:55,001 [Worker-9] INFO  o.e.m.j.i.AbstractJavaProjectConfigurator - Adding source folder /java8streams/src/test/java
2019-09-17 11:46:56,734 [Worker-9] INFO  o.e.m.w.i.f.ResourceFilteringBuildParticipant - Cleaning filtered folder for java8streams
2019-09-17 11:46:56,740 [Worker-9] INFO  o.e.m.c.i.p.ProjectConfigurationManager - Update completed: 3 sec
2019-09-17 11:46:57,216 [Worker-20] WARN  o.e.m.c.i.embedder.EclipseLogger - Using platform encoding (Cp1252 actually) to copy filtered resources, i.e. build is platform dependent!
2019-09-17 11:46:57,223 [Worker-20] INFO  o.e.m.c.i.embedder.EclipseLogger - Copying 0 resource
2019-09-17 11:46:57,224 [Worker-20] WARN  o.e.m.c.i.embedder.EclipseLogger - Using platform encoding (Cp1252 actually) to copy filtered resources, i.e. build is platform dependent!
2019-09-17 11:46:57,230 [Worker-20] INFO  o.e.m.c.i.embedder.EclipseLogger - skip non existing resourceDirectory D:\hcljava\Day29\java8streams\src\test\resources
2019-09-17 11:46:57,231 [Worker-20] INFO  o.e.m.w.i.f.ResourceFilteringBuildParticipant - Changed resources require a complete clean of filtered resources of java8streams
2019-09-17 11:46:57,231 [Worker-20] INFO  o.e.m.w.i.f.ResourceFilteringBuildParticipant - Executing resource filtering for java8streams
2019-09-17 11:46:57,234 [Worker-20] WARN  o.e.m.c.i.embedder.EclipseLogger - Using platform encoding (Cp1252 actually) to copy filtered resources, i.e. build is platform dependent!
2019-09-17 11:48:00,543 [Worker-13] WARN  o.e.m.c.i.embedder.EclipseLogger - Using platform encoding (Cp1252 actually) to copy filtered resources, i.e. build is platform dependent!
2019-09-17 11:48:00,564 [Worker-13] INFO  o.e.m.c.i.embedder.EclipseLogger - Copying 0 resource
2019-09-17 11:48:00,565 [Worker-13] WARN  o.e.m.c.i.embedder.EclipseLogger - Using platform encoding (Cp1252 actually) to copy filtered resources, i.e. build is platform dependent!
2019-09-17 11:48:00,574 [Worker-13] INFO  o.e.m.c.i.embedder.EclipseLogger - skip non existing resourceDirectory D:\hcljava\Day29\java8streams\src\test\resources
2019-09-17 11:48:13,013 [Worker-20] WARN  o.e.r.models.ModelRepository - Failed to download org.eclipse.recommenders:index::zip:0.0.0
org.eclipse.aether.resolution.ArtifactResolutionException: Could not find artifact org.eclipse.recommenders:index:zip:0.0.0-SNAPSHOT in models (http://download.eclipse.org/recommenders/models/mars/)
	at org.eclipse.aether.internal.impl.DefaultArtifactResolver.resolve(DefaultArtifactResolver.java:444) ~[na:na]
	at org.eclipse.aether.internal.impl.DefaultArtifactResolver.resolveArtifacts(DefaultArtifactResolver.java:246) ~[na:na]
	at org.eclipse.aether.internal.impl.DefaultArtifactResolver.resolveArtifact(DefaultArtifactResolver.java:223) ~[na:na]
	at org.eclipse.aether.internal.impl.DefaultRepositorySystem.resolveArtifact(DefaultRepositorySystem.java:294) ~[na:na]
	at org.eclipse.recommenders.models.ModelRepository.resolveInternal(ModelRepository.java:192) [org.eclipse.recommenders.models_2.3.0.v20160216-1255.jar:na]
	at org.eclipse.recommenders.models.ModelRepository.resolve(ModelRepository.java:174) [org.eclipse.recommenders.models_2.3.0.v20160216-1255.jar:na]
	at org.eclipse.recommenders.internal.models.rcp.EclipseModelRepository.resolve(EclipseModelRepository.java:165) [org.eclipse.recommenders.models.rcp_2.3.0.v20160216-1255.jar:na]
	at org.eclipse.recommenders.internal.models.rcp.DownloadModelArchiveJob.run(DownloadModelArchiveJob.java:76) [org.eclipse.recommenders.models.rcp_2.3.0.v20160216-1255.jar:na]
	at org.eclipse.core.internal.jobs.Worker.run(Worker.java:55) [org.eclipse.core.jobs_3.7.0.v20150330-2103.jar:na]
Caused by: org.eclipse.aether.transfer.ArtifactNotFoundException: Could not find artifact org.eclipse.recommenders:index:zip:0.0.0-SNAPSHOT in models (http://download.eclipse.org/recommenders/models/mars/)
	at org.eclipse.aether.connector.basic.ArtifactTransportListener.transferFailed(ArtifactTransportListener.java:39) ~[org.eclipse.aether.connector.basic_1.0.1.v20141111.jar:na]
	at org.eclipse.aether.connector.basic.BasicRepositoryConnector$TaskRunner.run(BasicRepositoryConnector.java:355) ~[org.eclipse.aether.connector.basic_1.0.1.v20141111.jar:na]
	at org.eclipse.aether.util.concurrency.RunnableErrorForwarder$1.run(RunnableErrorForwarder.java:67) ~[na:na]
	at org.eclipse.aether.connector.basic.BasicRepositoryConnector$DirectExecutor.execute(BasicRepositoryConnector.java:581) ~[org.eclipse.aether.connector.basic_1.0.1.v20141111.jar:na]
	at org.eclipse.aether.connector.basic.BasicRepositoryConnector.get(BasicRepositoryConnector.java:249) ~[org.eclipse.aether.connector.basic_1.0.1.v20141111.jar:na]
	at org.eclipse.aether.internal.impl.DefaultArtifactResolver.performDownloads(DefaultArtifactResolver.java:520) ~[na:na]
	at org.eclipse.aether.internal.impl.DefaultArtifactResolver.resolve(DefaultArtifactResolver.java:421) ~[na:na]
	... 8 common frames omitted
2019-09-17 11:54:26,958 [Worker-26] WARN  o.e.m.c.i.embedder.EclipseLogger - Using platform encoding (Cp1252 actually) to copy filtered resources, i.e. build is platform dependent!
2019-09-17 11:54:26,966 [Worker-26] INFO  o.e.m.c.i.embedder.EclipseLogger - Copying 0 resource
2019-09-17 11:54:26,967 [Worker-26] WARN  o.e.m.c.i.embedder.EclipseLogger - Using platform encoding (Cp1252 actually) to copy filtered resources, i.e. build is platform dependent!
2019-09-17 11:54:26,975 [Worker-26] INFO  o.e.m.c.i.embedder.EclipseLogger - skip non existing resourceDirectory D:\hcljava\Day29\java8streams\src\test\resources
2019-09-17 12:03:46,763 [Worker-31] WARN  o.e.m.c.i.embedder.EclipseLogger - Using platform encoding (Cp1252 actually) to copy filtered resources, i.e. build is platform dependent!
2019-09-17 12:03:46,811 [Worker-31] INFO  o.e.m.c.i.embedder.EclipseLogger - Copying 0 resource
2019-09-17 12:03:46,813 [Worker-31] WARN  o.e.m.c.i.embedder.EclipseLogger - Using platform encoding (Cp1252 actually) to copy filtered resources, i.e. build is platform dependent!
2019-09-17 12:03:46,831 [Worker-31] INFO  o.e.m.c.i.embedder.EclipseLogger - skip non existing resourceDirectory D:\hcljava\Day29\java8streams\src\test\resources
2019-09-17 12:05:03,810 [Worker-29] WARN  o.e.m.c.i.embedder.EclipseLogger - Using platform encoding (Cp1252 actually) to copy filtered resources, i.e. build is platform dependent!
2019-09-17 12:05:03,826 [Worker-29] INFO  o.e.m.c.i.embedder.EclipseLogger - Copying 0 resource
2019-09-17 12:05:03,828 [Worker-29] WARN  o.e.m.c.i.embedder.EclipseLogger - Using platform encoding (Cp1252 actually) to copy filtered resources, i.e. build is platform dependent!
2019-09-17 12:05:03,840 [Worker-29] INFO  o.e.m.c.i.embedder.EclipseLogger - skip non existing resourceDirectory D:\hcljava\Day29\java8streams\src\test\resources
2019-09-17 12:05:29,820 [Worker-29] WARN  o.e.m.c.i.embedder.EclipseLogger - Using platform encoding (Cp1252 actually) to copy filtered resources, i.e. build is platform dependent!
2019-09-17 12:05:29,832 [Worker-29] INFO  o.e.m.c.i.embedder.EclipseLogger - Copying 0 resource
2019-09-17 12:05:29,834 [Worker-29] WARN  o.e.m.c.i.embedder.EclipseLogger - Using platform encoding (Cp1252 actually) to copy filtered resources, i.e. build is platform dependent!
2019-09-17 12:05:29,852 [Worker-29] INFO  o.e.m.c.i.embedder.EclipseLogger - skip non existing resourceDirectory D:\hcljava\Day29\java8streams\src\test\resources
2019-09-17 12:05:45,803 [Worker-34] WARN  o.e.m.c.i.embedder.EclipseLogger - Using platform encoding (Cp1252 actually) to copy filtered resources, i.e. build is platform dependent!
2019-09-17 12:05:45,817 [Worker-34] INFO  o.e.m.c.i.embedder.EclipseLogger - Copying 0 resource
2019-09-17 12:05:45,819 [Worker-34] WARN  o.e.m.c.i.embedder.EclipseLogger - Using platform encoding (Cp1252 actually) to copy filtered resources, i.e. build is platform dependent!
2019-09-17 12:05:45,834 [Worker-34] INFO  o.e.m.c.i.embedder.EclipseLogger - skip non existing resourceDirectory D:\hcljava\Day29\java8streams\src\test\resources
2019-09-17 12:08:22,721 [Worker-34] WARN  o.e.m.c.i.embedder.EclipseLogger - Using platform encoding (Cp1252 actually) to copy filtered resources, i.e. build is platform dependent!
2019-09-17 12:08:22,729 [Worker-34] INFO  o.e.m.c.i.embedder.EclipseLogger - Copying 0 resource
2019-09-17 12:08:22,730 [Worker-34] WARN  o.e.m.c.i.embedder.EclipseLogger - Using platform encoding (Cp1252 actually) to copy filtered resources, i.e. build is platform dependent!
2019-09-17 12:08:22,738 [Worker-34] INFO  o.e.m.c.i.embedder.EclipseLogger - skip non existing resourceDirectory D:\hcljava\Day29\java8streams\src\test\resources
2019-09-17 12:09:24,231 [Worker-36] WARN  o.e.m.c.i.embedder.EclipseLogger - Using platform encoding (Cp1252 actually) to copy filtered resources, i.e. build is platform dependent!
2019-09-17 12:09:24,241 [Worker-36] INFO  o.e.m.c.i.embedder.EclipseLogger - Copying 0 resource
2019-09-17 12:09:24,243 [Worker-36] WARN  o.e.m.c.i.embedder.EclipseLogger - Using platform encoding (Cp1252 actually) to copy filtered resources, i.e. build is platform dependent!
2019-09-17 12:09:24,253 [Worker-36] INFO  o.e.m.c.i.embedder.EclipseLogger - skip non existing resourceDirectory D:\hcljava\Day29\java8streams\src\test\resources
2019-09-17 12:09:39,002 [Worker-33] WARN  o.e.m.c.i.embedder.EclipseLogger - Using platform encoding (Cp1252 actually) to copy filtered resources, i.e. build is platform dependent!
2019-09-17 12:09:39,013 [Worker-33] INFO  o.e.m.c.i.embedder.EclipseLogger - Copying 0 resource
2019-09-17 12:09:39,015 [Worker-33] WARN  o.e.m.c.i.embedder.EclipseLogger - Using platform encoding (Cp1252 actually) to copy filtered resources, i.e. build is platform dependent!
2019-09-17 12:09:39,025 [Worker-33] INFO  o.e.m.c.i.embedder.EclipseLogger - skip non existing resourceDirectory D:\hcljava\Day29\java8streams\src\test\resources
2019-09-17 12:14:46,182 [Worker-29] WARN  o.e.m.c.i.embedder.EclipseLogger - Using platform encoding (Cp1252 actually) to copy filtered resources, i.e. build is platform dependent!
2019-09-17 12:14:46,189 [Worker-29] INFO  o.e.m.c.i.embedder.EclipseLogger - Copying 0 resource
2019-09-17 12:14:46,190 [Worker-29] WARN  o.e.m.c.i.embedder.EclipseLogger - Using platform encoding (Cp1252 actually) to copy filtered resources, i.e. build is platform dependent!
2019-09-17 12:14:46,197 [Worker-29] INFO  o.e.m.c.i.embedder.EclipseLogger - skip non existing resourceDirectory D:\hcljava\Day29\java8streams\src\test\resources
2019-09-17 12:15:36,797 [Worker-36] WARN  o.e.m.c.i.embedder.EclipseLogger - Using platform encoding (Cp1252 actually) to copy filtered resources, i.e. build is platform dependent!
2019-09-17 12:15:36,805 [Worker-36] INFO  o.e.m.c.i.embedder.EclipseLogger - Copying 0 resource
2019-09-17 12:15:36,806 [Worker-36] WARN  o.e.m.c.i.embedder.EclipseLogger - Using platform encoding (Cp1252 actually) to copy filtered resources, i.e. build is platform dependent!
2019-09-17 12:15:36,814 [Worker-36] INFO  o.e.m.c.i.embedder.EclipseLogger - skip non existing resourceDirectory D:\hcljava\Day29\java8streams\src\test\resources
2019-09-17 12:16:44,594 [Worker-38] WARN  o.e.m.c.i.embedder.EclipseLogger - Using platform encoding (Cp1252 actually) to copy filtered resources, i.e. build is platform dependent!
2019-09-17 12:16:44,645 [Worker-38] INFO  o.e.m.c.i.embedder.EclipseLogger - Copying 0 resource
2019-09-17 12:16:44,650 [Worker-38] WARN  o.e.m.c.i.embedder.EclipseLogger - Using platform encoding (Cp1252 actually) to copy filtered resources, i.e. build is platform dependent!
2019-09-17 12:16:44,667 [Worker-38] INFO  o.e.m.c.i.embedder.EclipseLogger - skip non existing resourceDirectory D:\hcljava\Day29\java8streams\src\test\resources
2019-09-17 12:19:05,064 [Worker-31] WARN  o.e.m.c.i.embedder.EclipseLogger - Using platform encoding (Cp1252 actually) to copy filtered resources, i.e. build is platform dependent!
2019-09-17 12:19:05,073 [Worker-31] INFO  o.e.m.c.i.embedder.EclipseLogger - Copying 0 resource
2019-09-17 12:19:05,075 [Worker-31] WARN  o.e.m.c.i.embedder.EclipseLogger - Using platform encoding (Cp1252 actually) to copy filtered resources, i.e. build is platform dependent!
2019-09-17 12:19:05,082 [Worker-31] INFO  o.e.m.c.i.embedder.EclipseLogger - skip non existing resourceDirectory D:\hcljava\Day29\java8streams\src\test\resources
2019-09-17 12:20:51,855 [Worker-6] WARN  o.e.m.c.i.embedder.EclipseLogger - Using platform encoding (Cp1252 actually) to copy filtered resources, i.e. build is platform dependent!
2019-09-17 12:20:51,862 [Worker-6] INFO  o.e.m.c.i.embedder.EclipseLogger - Copying 0 resource
2019-09-17 12:20:51,864 [Worker-6] WARN  o.e.m.c.i.embedder.EclipseLogger - Using platform encoding (Cp1252 actually) to copy filtered resources, i.e. build is platform dependent!
2019-09-17 12:20:51,871 [Worker-6] INFO  o.e.m.c.i.embedder.EclipseLogger - skip non existing resourceDirectory D:\hcljava\Day29\java8streams\src\test\resources
2019-09-17 12:23:46,671 [Worker-6] WARN  o.e.m.c.i.embedder.EclipseLogger - Using platform encoding (Cp1252 actually) to copy filtered resources, i.e. build is platform dependent!
2019-09-17 12:23:46,687 [Worker-6] INFO  o.e.m.c.i.embedder.EclipseLogger - Copying 0 resource
2019-09-17 12:23:46,689 [Worker-6] WARN  o.e.m.c.i.embedder.EclipseLogger - Using platform encoding (Cp1252 actually) to copy filtered resources, i.e. build is platform dependent!
2019-09-17 12:23:46,696 [Worker-6] INFO  o.e.m.c.i.embedder.EclipseLogger - skip non existing resourceDirectory D:\hcljava\Day29\java8streams\src\test\resources
2019-09-17 12:24:58,259 [Worker-40] WARN  o.e.m.c.i.embedder.EclipseLogger - Using platform encoding (Cp1252 actually) to copy filtered resources, i.e. build is platform dependent!
2019-09-17 12:24:58,270 [Worker-40] INFO  o.e.m.c.i.embedder.EclipseLogger - Copying 0 resource
2019-09-17 12:24:58,271 [Worker-40] WARN  o.e.m.c.i.embedder.EclipseLogger - Using platform encoding (Cp1252 actually) to copy filtered resources, i.e. build is platform dependent!
2019-09-17 12:24:58,278 [Worker-40] INFO  o.e.m.c.i.embedder.EclipseLogger - skip non existing resourceDirectory D:\hcljava\Day29\java8streams\src\test\resources
2019-09-17 12:25:11,486 [Worker-6] WARN  o.e.m.c.i.embedder.EclipseLogger - Using platform encoding (Cp1252 actually) to copy filtered resources, i.e. build is platform dependent!
2019-09-17 12:25:11,501 [Worker-6] INFO  o.e.m.c.i.embedder.EclipseLogger - Copying 0 resource
2019-09-17 12:25:11,503 [Worker-6] WARN  o.e.m.c.i.embedder.EclipseLogger - Using platform encoding (Cp1252 actually) to copy filtered resources, i.e. build is platform dependent!
2019-09-17 12:25:11,514 [Worker-6] INFO  o.e.m.c.i.embedder.EclipseLogger - skip non existing resourceDirectory D:\hcljava\Day29\java8streams\src\test\resources
2019-09-17 12:25:28,743 [Worker-29] WARN  o.e.m.c.i.embedder.EclipseLogger - Using platform encoding (Cp1252 actually) to copy filtered resources, i.e. build is platform dependent!
2019-09-17 12:25:28,750 [Worker-29] INFO  o.e.m.c.i.embedder.EclipseLogger - Copying 0 resource
2019-09-17 12:25:28,751 [Worker-29] WARN  o.e.m.c.i.embedder.EclipseLogger - Using platform encoding (Cp1252 actually) to copy filtered resources, i.e. build is platform dependent!
2019-09-17 12:25:28,758 [Worker-29] INFO  o.e.m.c.i.embedder.EclipseLogger - skip non existing resourceDirectory D:\hcljava\Day29\java8streams\src\test\resources
2019-09-17 12:25:40,991 [Worker-42] WARN  o.e.m.c.i.embedder.EclipseLogger - Using platform encoding (Cp1252 actually) to copy filtered resources, i.e. build is platform dependent!
2019-09-17 12:25:41,001 [Worker-42] INFO  o.e.m.c.i.embedder.EclipseLogger - Copying 0 resource
2019-09-17 12:25:41,003 [Worker-42] WARN  o.e.m.c.i.embedder.EclipseLogger - Using platform encoding (Cp1252 actually) to copy filtered resources, i.e. build is platform dependent!
2019-09-17 12:25:41,014 [Worker-42] INFO  o.e.m.c.i.embedder.EclipseLogger - skip non existing resourceDirectory D:\hcljava\Day29\java8streams\src\test\resources
2019-09-17 12:25:47,509 [Worker-40] WARN  o.e.m.c.i.embedder.EclipseLogger - Using platform encoding (Cp1252 actually) to copy filtered resources, i.e. build is platform dependent!
2019-09-17 12:25:47,521 [Worker-40] INFO  o.e.m.c.i.embedder.EclipseLogger - Copying 0 resource
2019-09-17 12:25:47,523 [Worker-40] WARN  o.e.m.c.i.embedder.EclipseLogger - Using platform encoding (Cp1252 actually) to copy filtered resources, i.e. build is platform dependent!
2019-09-17 12:25:47,535 [Worker-40] INFO  o.e.m.c.i.embedder.EclipseLogger - skip non existing resourceDirectory D:\hcljava\Day29\java8streams\src\test\resources
2019-09-17 12:27:17,268 [Worker-29] WARN  o.e.m.c.i.embedder.EclipseLogger - Using platform encoding (Cp1252 actually) to copy filtered resources, i.e. build is platform dependent!
2019-09-17 12:27:17,274 [Worker-29] INFO  o.e.m.c.i.embedder.EclipseLogger - Copying 0 resource
2019-09-17 12:27:17,275 [Worker-29] WARN  o.e.m.c.i.embedder.EclipseLogger - Using platform encoding (Cp1252 actually) to copy filtered resources, i.e. build is platform dependent!
2019-09-17 12:27:17,282 [Worker-29] INFO  o.e.m.c.i.embedder.EclipseLogger - skip non existing resourceDirectory D:\hcljava\Day29\java8streams\src\test\resources
2019-09-17 12:31:45,060 [Worker-44] WARN  o.e.m.c.i.embedder.EclipseLogger - Using platform encoding (Cp1252 actually) to copy filtered resources, i.e. build is platform dependent!
2019-09-17 12:31:45,075 [Worker-44] INFO  o.e.m.c.i.embedder.EclipseLogger - Copying 0 resource
2019-09-17 12:31:45,076 [Worker-44] WARN  o.e.m.c.i.embedder.EclipseLogger - Using platform encoding (Cp1252 actually) to copy filtered resources, i.e. build is platform dependent!
2019-09-17 12:31:45,088 [Worker-44] INFO  o.e.m.c.i.embedder.EclipseLogger - skip non existing resourceDirectory D:\hcljava\Day29\java8streams\src\test\resources
2019-09-17 12:31:58,319 [Worker-43] WARN  o.e.m.c.i.embedder.EclipseLogger - Using platform encoding (Cp1252 actually) to copy filtered resources, i.e. build is platform dependent!
2019-09-17 12:31:58,327 [Worker-43] INFO  o.e.m.c.i.embedder.EclipseLogger - Copying 0 resource
2019-09-17 12:31:58,328 [Worker-43] WARN  o.e.m.c.i.embedder.EclipseLogger - Using platform encoding (Cp1252 actually) to copy filtered resources, i.e. build is platform dependent!
2019-09-17 12:31:58,336 [Worker-43] INFO  o.e.m.c.i.embedder.EclipseLogger - skip non existing resourceDirectory D:\hcljava\Day29\java8streams\src\test\resources
2019-09-17 12:34:01,759 [Worker-39] WARN  o.e.m.c.i.embedder.EclipseLogger - Using platform encoding (Cp1252 actually) to copy filtered resources, i.e. build is platform dependent!
2019-09-17 12:34:01,773 [Worker-39] INFO  o.e.m.c.i.embedder.EclipseLogger - Copying 0 resource
2019-09-17 12:34:01,774 [Worker-39] WARN  o.e.m.c.i.embedder.EclipseLogger - Using platform encoding (Cp1252 actually) to copy filtered resources, i.e. build is platform dependent!
2019-09-17 12:34:01,784 [Worker-39] INFO  o.e.m.c.i.embedder.EclipseLogger - skip non existing resourceDirectory D:\hcljava\Day29\java8streams\src\test\resources
2019-09-17 12:36:37,134 [Worker-42] WARN  o.e.m.c.i.embedder.EclipseLogger - Using platform encoding (Cp1252 actually) to copy filtered resources, i.e. build is platform dependent!
2019-09-17 12:36:37,148 [Worker-42] INFO  o.e.m.c.i.embedder.EclipseLogger - Copying 1 resource
2019-09-17 12:36:37,157 [Worker-42] WARN  o.e.m.c.i.embedder.EclipseLogger - Using platform encoding (Cp1252 actually) to copy filtered resources, i.e. build is platform dependent!
2019-09-17 12:36:37,164 [Worker-42] INFO  o.e.m.c.i.embedder.EclipseLogger - skip non existing resourceDirectory D:\hcljava\Day29\java8streams\src\test\resources
2019-09-17 12:36:42,466 [Worker-45] WARN  o.e.m.c.i.embedder.EclipseLogger - Using platform encoding (Cp1252 actually) to copy filtered resources, i.e. build is platform dependent!
2019-09-17 12:36:42,479 [Worker-45] INFO  o.e.m.c.i.embedder.EclipseLogger - Copying 0 resource
2019-09-17 12:36:42,481 [Worker-45] WARN  o.e.m.c.i.embedder.EclipseLogger - Using platform encoding (Cp1252 actually) to copy filtered resources, i.e. build is platform dependent!
2019-09-17 12:36:42,492 [Worker-45] INFO  o.e.m.c.i.embedder.EclipseLogger - skip non existing resourceDirectory D:\hcljava\Day29\java8streams\src\test\resources
2019-09-17 12:36:46,193 [Worker-6] WARN  o.e.m.c.i.embedder.EclipseLogger - Using platform encoding (Cp1252 actually) to copy filtered resources, i.e. build is platform dependent!
2019-09-17 12:36:46,204 [Worker-6] INFO  o.e.m.c.i.embedder.EclipseLogger - Copying 0 resource
2019-09-17 12:36:46,206 [Worker-6] WARN  o.e.m.c.i.embedder.EclipseLogger - Using platform encoding (Cp1252 actually) to copy filtered resources, i.e. build is platform dependent!
2019-09-17 12:36:46,218 [Worker-6] INFO  o.e.m.c.i.embedder.EclipseLogger - skip non existing resourceDirectory D:\hcljava\Day29\java8streams\src\test\resources
2019-09-17 12:36:59,781 [Worker-42] WARN  o.e.m.c.i.embedder.EclipseLogger - Using platform encoding (Cp1252 actually) to copy filtered resources, i.e. build is platform dependent!
2019-09-17 12:36:59,796 [Worker-42] INFO  o.e.m.c.i.embedder.EclipseLogger - Copying 1 resource
2019-09-17 12:36:59,801 [Worker-42] WARN  o.e.m.c.i.embedder.EclipseLogger - Using platform encoding (Cp1252 actually) to copy filtered resources, i.e. build is platform dependent!
2019-09-17 12:36:59,810 [Worker-42] INFO  o.e.m.c.i.embedder.EclipseLogger - skip non existing resourceDirectory D:\hcljava\Day29\java8streams\src\test\resources
2019-09-17 12:37:26,035 [Worker-40] WARN  o.e.m.c.i.embedder.EclipseLogger - Using platform encoding (Cp1252 actually) to copy filtered resources, i.e. build is platform dependent!
2019-09-17 12:37:26,111 [Worker-40] INFO  o.e.m.c.i.embedder.EclipseLogger - Copying 1 resource
2019-09-17 12:37:26,115 [Worker-40] WARN  o.e.m.c.i.embedder.EclipseLogger - Using platform encoding (Cp1252 actually) to copy filtered resources, i.e. build is platform dependent!
2019-09-17 12:37:26,134 [Worker-40] INFO  o.e.m.c.i.embedder.EclipseLogger - skip non existing resourceDirectory D:\hcljava\Day29\java8streams\src\test\resources
2019-09-17 12:38:13,186 [Worker-46] WARN  o.e.m.c.i.embedder.EclipseLogger - Using platform encoding (Cp1252 actually) to copy filtered resources, i.e. build is platform dependent!
2019-09-17 12:38:13,198 [Worker-46] INFO  o.e.m.c.i.embedder.EclipseLogger - Copying 1 resource
2019-09-17 12:38:13,204 [Worker-46] WARN  o.e.m.c.i.embedder.EclipseLogger - Using platform encoding (Cp1252 actually) to copy filtered resources, i.e. build is platform dependent!
2019-09-17 12:38:13,215 [Worker-46] INFO  o.e.m.c.i.embedder.EclipseLogger - skip non existing resourceDirectory D:\hcljava\Day29\java8streams\src\test\resources
2019-09-17 12:38:27,829 [Worker-39] WARN  o.e.m.c.i.embedder.EclipseLogger - Using platform encoding (Cp1252 actually) to copy filtered resources, i.e. build is platform dependent!
2019-09-17 12:38:27,836 [Worker-39] INFO  o.e.m.c.i.embedder.EclipseLogger - Copying 1 resource
2019-09-17 12:38:27,838 [Worker-39] WARN  o.e.m.c.i.embedder.EclipseLogger - Using platform encoding (Cp1252 actually) to copy filtered resources, i.e. build is platform dependent!
2019-09-17 12:38:27,845 [Worker-39] INFO  o.e.m.c.i.embedder.EclipseLogger - skip non existing resourceDirectory D:\hcljava\Day29\java8streams\src\test\resources
2019-09-17 12:39:57,822 [Worker-47] WARN  o.e.m.c.i.embedder.EclipseLogger - Using platform encoding (Cp1252 actually) to copy filtered resources, i.e. build is platform dependent!
2019-09-17 12:39:57,843 [Worker-47] INFO  o.e.m.c.i.embedder.EclipseLogger - Copying 1 resource
2019-09-17 12:39:57,846 [Worker-47] WARN  o.e.m.c.i.embedder.EclipseLogger - Using platform encoding (Cp1252 actually) to copy filtered resources, i.e. build is platform dependent!
2019-09-17 12:39:57,853 [Worker-47] INFO  o.e.m.c.i.embedder.EclipseLogger - skip non existing resourceDirectory D:\hcljava\Day29\java8streams\src\test\resources
2019-09-17 12:44:58,952 [Worker-49] WARN  o.e.m.c.i.embedder.EclipseLogger - Using platform encoding (Cp1252 actually) to copy filtered resources, i.e. build is platform dependent!
2019-09-17 12:44:58,960 [Worker-49] INFO  o.e.m.c.i.embedder.EclipseLogger - Copying 2 resources
2019-09-17 12:44:58,962 [Worker-49] WARN  o.e.m.c.i.embedder.EclipseLogger - Using platform encoding (Cp1252 actually) to copy filtered resources, i.e. build is platform dependent!
2019-09-17 12:44:58,971 [Worker-49] INFO  o.e.m.c.i.embedder.EclipseLogger - skip non existing resourceDirectory D:\hcljava\Day29\java8streams\src\test\resources
2019-09-17 12:45:05,987 [Worker-45] WARN  o.e.m.c.i.embedder.EclipseLogger - Using platform encoding (Cp1252 actually) to copy filtered resources, i.e. build is platform dependent!
2019-09-17 12:45:05,994 [Worker-45] INFO  o.e.m.c.i.embedder.EclipseLogger - Copying 2 resources
2019-09-17 12:45:05,996 [Worker-45] WARN  o.e.m.c.i.embedder.EclipseLogger - Using platform encoding (Cp1252 actually) to copy filtered resources, i.e. build is platform dependent!
2019-09-17 12:45:06,002 [Worker-45] INFO  o.e.m.c.i.embedder.EclipseLogger - skip non existing resourceDirectory D:\hcljava\Day29\java8streams\src\test\resources
2019-09-17 12:45:16,690 [Worker-50] WARN  o.e.m.c.i.embedder.EclipseLogger - Using platform encoding (Cp1252 actually) to copy filtered resources, i.e. build is platform dependent!
2019-09-17 12:45:16,697 [Worker-50] INFO  o.e.m.c.i.embedder.EclipseLogger - Copying 2 resources
2019-09-17 12:45:16,698 [Worker-50] WARN  o.e.m.c.i.embedder.EclipseLogger - Using platform encoding (Cp1252 actually) to copy filtered resources, i.e. build is platform dependent!
2019-09-17 12:45:16,704 [Worker-50] INFO  o.e.m.c.i.embedder.EclipseLogger - skip non existing resourceDirectory D:\hcljava\Day29\java8streams\src\test\resources
2019-09-17 12:46:27,676 [Worker-48] WARN  o.e.m.c.i.embedder.EclipseLogger - Using platform encoding (Cp1252 actually) to copy filtered resources, i.e. build is platform dependent!
2019-09-17 12:46:27,683 [Worker-48] INFO  o.e.m.c.i.embedder.EclipseLogger - Copying 2 resources
2019-09-17 12:46:27,684 [Worker-48] WARN  o.e.m.c.i.embedder.EclipseLogger - Using platform encoding (Cp1252 actually) to copy filtered resources, i.e. build is platform dependent!
2019-09-17 12:46:27,690 [Worker-48] INFO  o.e.m.c.i.embedder.EclipseLogger - skip non existing resourceDirectory D:\hcljava\Day29\java8streams\src\test\resources
2019-09-17 12:48:01,798 [Worker-43] WARN  o.e.m.c.i.embedder.EclipseLogger - Using platform encoding (Cp1252 actually) to copy filtered resources, i.e. build is platform dependent!
2019-09-17 12:48:01,808 [Worker-43] INFO  o.e.m.c.i.embedder.EclipseLogger - Copying 2 resources
2019-09-17 12:48:01,809 [Worker-43] WARN  o.e.m.c.i.embedder.EclipseLogger - Using platform encoding (Cp1252 actually) to copy filtered resources, i.e. build is platform dependent!
2019-09-17 12:48:01,819 [Worker-43] INFO  o.e.m.c.i.embedder.EclipseLogger - skip non existing resourceDirectory D:\hcljava\Day29\java8streams\src\test\resources
2019-09-17 12:48:58,913 [Worker-52] WARN  o.e.m.c.i.embedder.EclipseLogger - Using platform encoding (Cp1252 actually) to copy filtered resources, i.e. build is platform dependent!
2019-09-17 12:48:58,920 [Worker-52] INFO  o.e.m.c.i.embedder.EclipseLogger - Copying 0 resource
2019-09-17 12:48:58,921 [Worker-52] WARN  o.e.m.c.i.embedder.EclipseLogger - Using platform encoding (Cp1252 actually) to copy filtered resources, i.e. build is platform dependent!
2019-09-17 12:48:58,928 [Worker-52] INFO  o.e.m.c.i.embedder.EclipseLogger - skip non existing resourceDirectory D:\hcljava\Day29\java8streams\src\test\resources
2019-09-17 12:50:01,374 [Worker-39] WARN  o.e.m.c.i.embedder.EclipseLogger - Using platform encoding (Cp1252 actually) to copy filtered resources, i.e. build is platform dependent!
2019-09-17 12:50:01,386 [Worker-39] INFO  o.e.m.c.i.embedder.EclipseLogger - Copying 0 resource
2019-09-17 12:50:01,387 [Worker-39] WARN  o.e.m.c.i.embedder.EclipseLogger - Using platform encoding (Cp1252 actually) to copy filtered resources, i.e. build is platform dependent!
2019-09-17 12:50:01,398 [Worker-39] INFO  o.e.m.c.i.embedder.EclipseLogger - skip non existing resourceDirectory D:\hcljava\Day29\java8streams\src\test\resources
2019-09-17 12:51:16,839 [Worker-48] WARN  o.e.m.c.i.embedder.EclipseLogger - Using platform encoding (Cp1252 actually) to copy filtered resources, i.e. build is platform dependent!
2019-09-17 12:51:16,846 [Worker-48] INFO  o.e.m.c.i.embedder.EclipseLogger - Copying 2 resources
2019-09-17 12:51:16,848 [Worker-48] WARN  o.e.m.c.i.embedder.EclipseLogger - Using platform encoding (Cp1252 actually) to copy filtered resources, i.e. build is platform dependent!
2019-09-17 12:51:16,854 [Worker-48] INFO  o.e.m.c.i.embedder.EclipseLogger - skip non existing resourceDirectory D:\hcljava\Day29\java8streams\src\test\resources
2019-09-17 12:51:21,848 [Worker-50] WARN  o.e.m.c.i.embedder.EclipseLogger - Using platform encoding (Cp1252 actually) to copy filtered resources, i.e. build is platform dependent!
2019-09-17 12:51:21,857 [Worker-50] INFO  o.e.m.c.i.embedder.EclipseLogger - Copying 0 resource
2019-09-17 12:51:21,858 [Worker-50] WARN  o.e.m.c.i.embedder.EclipseLogger - Using platform encoding (Cp1252 actually) to copy filtered resources, i.e. build is platform dependent!
2019-09-17 12:51:21,866 [Worker-50] INFO  o.e.m.c.i.embedder.EclipseLogger - skip non existing resourceDirectory D:\hcljava\Day29\java8streams\src\test\resources
2019-09-17 12:51:57,057 [Worker-39] WARN  o.e.m.c.i.embedder.EclipseLogger - Using platform encoding (Cp1252 actually) to copy filtered resources, i.e. build is platform dependent!
2019-09-17 12:51:57,064 [Worker-39] INFO  o.e.m.c.i.embedder.EclipseLogger - Copying 2 resources
2019-09-17 12:51:57,065 [Worker-39] WARN  o.e.m.c.i.embedder.EclipseLogger - Using platform encoding (Cp1252 actually) to copy filtered resources, i.e. build is platform dependent!
2019-09-17 12:51:57,074 [Worker-39] INFO  o.e.m.c.i.embedder.EclipseLogger - skip non existing resourceDirectory D:\hcljava\Day29\java8streams\src\test\resources
2019-09-17 12:52:02,839 [Worker-39] WARN  o.e.m.c.i.embedder.EclipseLogger - Using platform encoding (Cp1252 actually) to copy filtered resources, i.e. build is platform dependent!
2019-09-17 12:52:02,851 [Worker-39] INFO  o.e.m.c.i.embedder.EclipseLogger - Copying 0 resource
2019-09-17 12:52:02,852 [Worker-39] WARN  o.e.m.c.i.embedder.EclipseLogger - Using platform encoding (Cp1252 actually) to copy filtered resources, i.e. build is platform dependent!
2019-09-17 12:52:02,860 [Worker-39] INFO  o.e.m.c.i.embedder.EclipseLogger - skip non existing resourceDirectory D:\hcljava\Day29\java8streams\src\test\resources
2019-09-17 12:53:25,901 [Worker-54] WARN  o.e.m.c.i.embedder.EclipseLogger - Using platform encoding (Cp1252 actually) to copy filtered resources, i.e. build is platform dependent!
2019-09-17 12:53:25,933 [Worker-54] INFO  o.e.m.c.i.embedder.EclipseLogger - Copying 2 resources
2019-09-17 12:53:25,934 [Worker-54] WARN  o.e.m.c.i.embedder.EclipseLogger - Using platform encoding (Cp1252 actually) to copy filtered resources, i.e. build is platform dependent!
2019-09-17 12:53:25,942 [Worker-54] INFO  o.e.m.c.i.embedder.EclipseLogger - skip non existing resourceDirectory D:\hcljava\Day29\java8streams\src\test\resources
2019-09-17 12:57:12,588 [Worker-50] INFO  o.e.m.c.i.l.LifecycleMappingFactory - Using org.maven.ide.eclipse.wtp.WarLifecycleMapping lifecycle mapping for MavenProject: com.jwt.spring:java8streams:1.0-SNAPSHOT @ D:\hcljava\Day29\java8streams\pom.xml.
2019-09-17 12:57:14,164 [Worker-50] WARN  o.e.m.c.i.embedder.EclipseLogger - Using platform encoding (Cp1252 actually) to copy filtered resources, i.e. build is platform dependent!
2019-09-17 12:57:14,174 [Worker-50] INFO  o.e.m.c.i.embedder.EclipseLogger - Copying 0 resource
2019-09-17 12:57:14,176 [Worker-50] WARN  o.e.m.c.i.embedder.EclipseLogger - Using platform encoding (Cp1252 actually) to copy filtered resources, i.e. build is platform dependent!
2019-09-17 12:57:14,183 [Worker-50] INFO  o.e.m.c.i.embedder.EclipseLogger - skip non existing resourceDirectory D:\hcljava\Day29\java8streams\src\test\resources
2019-09-17 12:57:14,183 [Worker-50] INFO  o.e.m.w.i.f.ResourceFilteringBuildParticipant - Changed resources require a complete clean of filtered resources of java8streams
2019-09-17 12:57:14,183 [Worker-50] INFO  o.e.m.w.i.f.ResourceFilteringBuildParticipant - Executing resource filtering for java8streams
2019-09-17 12:57:14,187 [Worker-50] WARN  o.e.m.c.i.embedder.EclipseLogger - Using platform encoding (Cp1252 actually) to copy filtered resources, i.e. build is platform dependent!
2019-09-17 12:58:04,593 [Worker-55] INFO  o.e.m.c.i.l.LifecycleMappingFactory - Using org.maven.ide.eclipse.wtp.WarLifecycleMapping lifecycle mapping for MavenProject: com.hcl.employee.spring:java8streams:1.0-SNAPSHOT @ D:\hcljava\Day29\java8streams\pom.xml.
2019-09-17 12:58:06,078 [Worker-55] WARN  o.e.m.c.i.embedder.EclipseLogger - Using platform encoding (Cp1252 actually) to copy filtered resources, i.e. build is platform dependent!
2019-09-17 12:58:06,087 [Worker-55] INFO  o.e.m.c.i.embedder.EclipseLogger - Copying 0 resource
2019-09-17 12:58:06,089 [Worker-55] WARN  o.e.m.c.i.embedder.EclipseLogger - Using platform encoding (Cp1252 actually) to copy filtered resources, i.e. build is platform dependent!
2019-09-17 12:58:06,096 [Worker-55] INFO  o.e.m.c.i.embedder.EclipseLogger - skip non existing resourceDirectory D:\hcljava\Day29\java8streams\src\test\resources
2019-09-17 12:58:06,097 [Worker-55] INFO  o.e.m.w.i.f.ResourceFilteringBuildParticipant - Changed resources require a complete clean of filtered resources of java8streams
2019-09-17 12:58:06,097 [Worker-55] INFO  o.e.m.w.i.f.ResourceFilteringBuildParticipant - Executing resource filtering for java8streams
2019-09-17 12:58:06,101 [Worker-55] WARN  o.e.m.c.i.embedder.EclipseLogger - Using platform encoding (Cp1252 actually) to copy filtered resources, i.e. build is platform dependent!
2019-09-17 13:01:36,593 [Worker-55] WARN  o.e.m.c.i.embedder.EclipseLogger - Using platform encoding (Cp1252 actually) to copy filtered resources, i.e. build is platform dependent!
2019-09-17 13:01:36,600 [Worker-55] INFO  o.e.m.c.i.embedder.EclipseLogger - Copying 0 resource
2019-09-17 13:01:36,602 [Worker-55] WARN  o.e.m.c.i.embedder.EclipseLogger - Using platform encoding (Cp1252 actually) to copy filtered resources, i.e. build is platform dependent!
2019-09-17 13:01:36,608 [Worker-55] INFO  o.e.m.c.i.embedder.EclipseLogger - skip non existing resourceDirectory D:\hcljava\Day29\java8streams\src\test\resources
2019-09-17 13:03:43,732 [Worker-55] WARN  o.e.m.c.i.embedder.EclipseLogger - Using platform encoding (Cp1252 actually) to copy filtered resources, i.e. build is platform dependent!
2019-09-17 13:03:43,777 [Worker-55] INFO  o.e.m.c.i.embedder.EclipseLogger - Copying 0 resource
2019-09-17 13:03:43,778 [Worker-55] WARN  o.e.m.c.i.embedder.EclipseLogger - Using platform encoding (Cp1252 actually) to copy filtered resources, i.e. build is platform dependent!
2019-09-17 13:03:43,794 [Worker-55] INFO  o.e.m.c.i.embedder.EclipseLogger - skip non existing resourceDirectory D:\hcljava\Day29\java8streams\src\test\resources
2019-09-17 13:06:31,918 [Worker-57] WARN  o.e.m.c.i.embedder.EclipseLogger - Using platform encoding (Cp1252 actually) to copy filtered resources, i.e. build is platform dependent!
2019-09-17 13:06:31,931 [Worker-57] INFO  o.e.m.c.i.embedder.EclipseLogger - Copying 0 resource
2019-09-17 13:06:31,932 [Worker-57] WARN  o.e.m.c.i.embedder.EclipseLogger - Using platform encoding (Cp1252 actually) to copy filtered resources, i.e. build is platform dependent!
2019-09-17 13:06:31,940 [Worker-57] INFO  o.e.m.c.i.embedder.EclipseLogger - skip non existing resourceDirectory D:\hcljava\Day29\java8streams\src\test\resources
2019-09-17 13:07:09,337 [Worker-61] WARN  o.e.m.c.i.embedder.EclipseLogger - Using platform encoding (Cp1252 actually) to copy filtered resources, i.e. build is platform dependent!
2019-09-17 13:07:09,354 [Worker-61] INFO  o.e.m.c.i.embedder.EclipseLogger - Copying 0 resource
2019-09-17 13:07:09,355 [Worker-61] WARN  o.e.m.c.i.embedder.EclipseLogger - Using platform encoding (Cp1252 actually) to copy filtered resources, i.e. build is platform dependent!
2019-09-17 13:07:09,362 [Worker-61] INFO  o.e.m.c.i.embedder.EclipseLogger - skip non existing resourceDirectory D:\hcljava\Day29\java8streams\src\test\resources
2019-09-17 13:08:14,484 [Worker-62] INFO  o.e.m.c.i.l.LifecycleMappingFactory - Using org.maven.ide.eclipse.wtp.WarLifecycleMapping lifecycle mapping for MavenProject: com.hcl.employee.spring:java8streams:1.0-SNAPSHOT @ D:\hcljava\Day29\java8streams\pom.xml.
2019-09-17 13:08:15,714 [Worker-62] WARN  o.e.m.c.i.embedder.EclipseLogger - Using platform encoding (Cp1252 actually) to copy filtered resources, i.e. build is platform dependent!
2019-09-17 13:08:15,722 [Worker-62] INFO  o.e.m.c.i.embedder.EclipseLogger - Copying 0 resource
2019-09-17 13:08:15,724 [Worker-62] WARN  o.e.m.c.i.embedder.EclipseLogger - Using platform encoding (Cp1252 actually) to copy filtered resources, i.e. build is platform dependent!
2019-09-17 13:08:15,731 [Worker-62] INFO  o.e.m.c.i.embedder.EclipseLogger - skip non existing resourceDirectory D:\hcljava\Day29\java8streams\src\test\resources
2019-09-17 13:08:15,732 [Worker-62] INFO  o.e.m.w.i.f.ResourceFilteringBuildParticipant - Changed resources require a complete clean of filtered resources of java8streams
2019-09-17 13:08:15,732 [Worker-62] INFO  o.e.m.w.i.f.ResourceFilteringBuildParticipant - Executing resource filtering for java8streams
2019-09-17 13:08:15,735 [Worker-62] WARN  o.e.m.c.i.embedder.EclipseLogger - Using platform encoding (Cp1252 actually) to copy filtered resources, i.e. build is platform dependent!
2019-09-17 14:48:48,443 [Worker-99] WARN  o.e.m.c.i.embedder.EclipseLogger - Using platform encoding (Cp1252 actually) to copy filtered resources, i.e. build is platform dependent!
2019-09-17 14:48:48,457 [Worker-99] INFO  o.e.m.c.i.embedder.EclipseLogger - Copying 0 resource
2019-09-17 14:48:48,460 [Worker-99] WARN  o.e.m.c.i.embedder.EclipseLogger - Using platform encoding (Cp1252 actually) to copy filtered resources, i.e. build is platform dependent!
2019-09-17 14:48:48,472 [Worker-99] INFO  o.e.m.c.i.embedder.EclipseLogger - skip non existing resourceDirectory D:\hcljava\Day29\java8streams\src\test\resources
2019-09-17 14:52:37,972 [Worker-94] WARN  o.e.m.c.i.embedder.EclipseLogger - Using platform encoding (Cp1252 actually) to copy filtered resources, i.e. build is platform dependent!
2019-09-17 14:52:37,984 [Worker-94] INFO  o.e.m.c.i.embedder.EclipseLogger - Copying 0 resource
2019-09-17 14:52:37,985 [Worker-94] WARN  o.e.m.c.i.embedder.EclipseLogger - Using platform encoding (Cp1252 actually) to copy filtered resources, i.e. build is platform dependent!
2019-09-17 14:52:37,995 [Worker-94] INFO  o.e.m.c.i.embedder.EclipseLogger - skip non existing resourceDirectory D:\hcljava\Day29\java8streams\src\test\resources
2019-09-17 14:58:48,880 [Worker-95] WARN  o.e.m.c.i.embedder.EclipseLogger - Using platform encoding (Cp1252 actually) to copy filtered resources, i.e. build is platform dependent!
2019-09-17 14:58:48,898 [Worker-95] INFO  o.e.m.c.i.embedder.EclipseLogger - Copying 0 resource
2019-09-17 14:58:48,900 [Worker-95] WARN  o.e.m.c.i.embedder.EclipseLogger - Using platform encoding (Cp1252 actually) to copy filtered resources, i.e. build is platform dependent!
2019-09-17 14:58:48,910 [Worker-95] INFO  o.e.m.c.i.embedder.EclipseLogger - skip non existing resourceDirectory D:\hcljava\Day29\java8streams\src\test\resources
2019-09-17 14:58:53,600 [Worker-95] WARN  o.e.m.c.i.embedder.EclipseLogger - Using platform encoding (Cp1252 actually) to copy filtered resources, i.e. build is platform dependent!
2019-09-17 14:58:53,612 [Worker-95] INFO  o.e.m.c.i.embedder.EclipseLogger - Copying 0 resource
2019-09-17 14:58:53,613 [Worker-95] WARN  o.e.m.c.i.embedder.EclipseLogger - Using platform encoding (Cp1252 actually) to copy filtered resources, i.e. build is platform dependent!
2019-09-17 14:58:53,624 [Worker-95] INFO  o.e.m.c.i.embedder.EclipseLogger - skip non existing resourceDirectory D:\hcljava\Day29\java8streams\src\test\resources
2019-09-17 14:59:24,944 [Worker-94] WARN  o.e.m.c.i.embedder.EclipseLogger - Using platform encoding (Cp1252 actually) to copy filtered resources, i.e. build is platform dependent!
2019-09-17 14:59:24,954 [Worker-94] INFO  o.e.m.c.i.embedder.EclipseLogger - Copying 0 resource
2019-09-17 14:59:24,955 [Worker-94] WARN  o.e.m.c.i.embedder.EclipseLogger - Using platform encoding (Cp1252 actually) to copy filtered resources, i.e. build is platform dependent!
2019-09-17 14:59:24,961 [Worker-94] INFO  o.e.m.c.i.embedder.EclipseLogger - skip non existing resourceDirectory D:\hcljava\Day29\java8streams\src\test\resources
2019-09-17 15:00:18,968 [Worker-106] WARN  o.e.m.c.i.embedder.EclipseLogger - Using platform encoding (Cp1252 actually) to copy filtered resources, i.e. build is platform dependent!
2019-09-17 15:00:19,011 [Worker-106] INFO  o.e.m.c.i.embedder.EclipseLogger - Copying 0 resource
2019-09-17 15:00:19,012 [Worker-106] WARN  o.e.m.c.i.embedder.EclipseLogger - Using platform encoding (Cp1252 actually) to copy filtered resources, i.e. build is platform dependent!
2019-09-17 15:00:19,023 [Worker-106] INFO  o.e.m.c.i.embedder.EclipseLogger - skip non existing resourceDirectory D:\hcljava\Day29\java8streams\src\test\resources
2019-09-17 15:02:55,510 [Worker-94] WARN  o.e.m.c.i.embedder.EclipseLogger - Using platform encoding (Cp1252 actually) to copy filtered resources, i.e. build is platform dependent!
2019-09-17 15:02:55,574 [Worker-94] INFO  o.e.m.c.i.embedder.EclipseLogger - Copying 0 resource
2019-09-17 15:02:55,576 [Worker-94] WARN  o.e.m.c.i.embedder.EclipseLogger - Using platform encoding (Cp1252 actually) to copy filtered resources, i.e. build is platform dependent!
2019-09-17 15:02:55,588 [Worker-94] INFO  o.e.m.c.i.embedder.EclipseLogger - skip non existing resourceDirectory D:\hcljava\Day29\java8streams\src\test\resources
2019-09-17 15:05:31,123 [Worker-110] WARN  o.e.m.c.i.embedder.EclipseLogger - Using platform encoding (Cp1252 actually) to copy filtered resources, i.e. build is platform dependent!
2019-09-17 15:05:31,140 [Worker-110] INFO  o.e.m.c.i.embedder.EclipseLogger - Copying 0 resource
2019-09-17 15:05:31,141 [Worker-110] WARN  o.e.m.c.i.embedder.EclipseLogger - Using platform encoding (Cp1252 actually) to copy filtered resources, i.e. build is platform dependent!
2019-09-17 15:05:31,155 [Worker-110] INFO  o.e.m.c.i.embedder.EclipseLogger - skip non existing resourceDirectory D:\hcljava\Day29\java8streams\src\test\resources
2019-09-17 15:06:13,900 [Worker-108] WARN  o.e.m.c.i.embedder.EclipseLogger - Using platform encoding (Cp1252 actually) to copy filtered resources, i.e. build is platform dependent!
2019-09-17 15:06:13,922 [Worker-108] INFO  o.e.m.c.i.embedder.EclipseLogger - Copying 0 resource
2019-09-17 15:06:13,922 [Worker-108] WARN  o.e.m.c.i.embedder.EclipseLogger - Using platform encoding (Cp1252 actually) to copy filtered resources, i.e. build is platform dependent!
2019-09-17 15:06:13,929 [Worker-108] INFO  o.e.m.c.i.embedder.EclipseLogger - skip non existing resourceDirectory D:\hcljava\Day29\java8streams\src\test\resources
2019-09-17 15:06:55,789 [Worker-112] WARN  o.e.m.c.i.embedder.EclipseLogger - Using platform encoding (Cp1252 actually) to copy filtered resources, i.e. build is platform dependent!
2019-09-17 15:06:55,797 [Worker-112] INFO  o.e.m.c.i.embedder.EclipseLogger - Copying 0 resource
2019-09-17 15:06:55,797 [Worker-112] WARN  o.e.m.c.i.embedder.EclipseLogger - Using platform encoding (Cp1252 actually) to copy filtered resources, i.e. build is platform dependent!
2019-09-17 15:06:55,805 [Worker-112] INFO  o.e.m.c.i.embedder.EclipseLogger - skip non existing resourceDirectory D:\hcljava\Day29\java8streams\src\test\resources
2019-09-17 15:12:06,455 [Worker-108] WARN  o.e.m.c.i.embedder.EclipseLogger - Using platform encoding (Cp1252 actually) to copy filtered resources, i.e. build is platform dependent!
2019-09-17 15:12:06,463 [Worker-108] INFO  o.e.m.c.i.embedder.EclipseLogger - Copying 2 resources
2019-09-17 15:12:06,470 [Worker-108] WARN  o.e.m.c.i.embedder.EclipseLogger - Using platform encoding (Cp1252 actually) to copy filtered resources, i.e. build is platform dependent!
2019-09-17 15:12:06,477 [Worker-108] INFO  o.e.m.c.i.embedder.EclipseLogger - skip non existing resourceDirectory D:\hcljava\Day29\java8streams\src\test\resources
2019-09-17 15:13:40,460 [Worker-108] WARN  o.e.m.c.i.embedder.EclipseLogger - Using platform encoding (Cp1252 actually) to copy filtered resources, i.e. build is platform dependent!
2019-09-17 15:13:40,467 [Worker-108] INFO  o.e.m.c.i.embedder.EclipseLogger - Copying 2 resources
2019-09-17 15:13:40,468 [Worker-108] WARN  o.e.m.c.i.embedder.EclipseLogger - Using platform encoding (Cp1252 actually) to copy filtered resources, i.e. build is platform dependent!
2019-09-17 15:13:40,475 [Worker-108] INFO  o.e.m.c.i.embedder.EclipseLogger - skip non existing resourceDirectory D:\hcljava\Day29\java8streams\src\test\resources
2019-09-17 15:17:42,095 [Worker-121] WARN  o.e.m.c.i.embedder.EclipseLogger - Using platform encoding (Cp1252 actually) to copy filtered resources, i.e. build is platform dependent!
2019-09-17 15:17:42,108 [Worker-121] INFO  o.e.m.c.i.embedder.EclipseLogger - Copying 0 resource
2019-09-17 15:17:42,109 [Worker-121] WARN  o.e.m.c.i.embedder.EclipseLogger - Using platform encoding (Cp1252 actually) to copy filtered resources, i.e. build is platform dependent!
2019-09-17 15:17:42,119 [Worker-121] INFO  o.e.m.c.i.embedder.EclipseLogger - skip non existing resourceDirectory D:\hcljava\Day29\java8streams\src\test\resources
2019-09-17 15:25:06,353 [Worker-125] WARN  o.e.m.c.i.embedder.EclipseLogger - Using platform encoding (Cp1252 actually) to copy filtered resources, i.e. build is platform dependent!
2019-09-17 15:25:06,360 [Worker-125] INFO  o.e.m.c.i.embedder.EclipseLogger - Copying 2 resources
2019-09-17 15:25:06,361 [Worker-125] WARN  o.e.m.c.i.embedder.EclipseLogger - Using platform encoding (Cp1252 actually) to copy filtered resources, i.e. build is platform dependent!
2019-09-17 15:25:06,368 [Worker-125] INFO  o.e.m.c.i.embedder.EclipseLogger - skip non existing resourceDirectory D:\hcljava\Day29\java8streams\src\test\resources
2019-09-17 15:25:36,006 [Worker-126] WARN  o.e.m.c.i.embedder.EclipseLogger - Using platform encoding (Cp1252 actually) to copy filtered resources, i.e. build is platform dependent!
2019-09-17 15:25:36,014 [Worker-126] INFO  o.e.m.c.i.embedder.EclipseLogger - Copying 2 resources
2019-09-17 15:25:36,016 [Worker-126] WARN  o.e.m.c.i.embedder.EclipseLogger - Using platform encoding (Cp1252 actually) to copy filtered resources, i.e. build is platform dependent!
2019-09-17 15:25:36,022 [Worker-126] INFO  o.e.m.c.i.embedder.EclipseLogger - skip non existing resourceDirectory D:\hcljava\Day29\java8streams\src\test\resources
2019-09-17 15:28:14,980 [Worker-121] WARN  o.e.m.c.i.embedder.EclipseLogger - Using platform encoding (Cp1252 actually) to copy filtered resources, i.e. build is platform dependent!
2019-09-17 15:28:14,991 [Worker-121] INFO  o.e.m.c.i.embedder.EclipseLogger - Copying 2 resources
2019-09-17 15:28:14,993 [Worker-121] WARN  o.e.m.c.i.embedder.EclipseLogger - Using platform encoding (Cp1252 actually) to copy filtered resources, i.e. build is platform dependent!
2019-09-17 15:28:15,003 [Worker-121] INFO  o.e.m.c.i.embedder.EclipseLogger - skip non existing resourceDirectory D:\hcljava\Day29\java8streams\src\test\resources
2019-09-17 15:28:21,962 [Worker-125] WARN  o.e.m.c.i.embedder.EclipseLogger - Using platform encoding (Cp1252 actually) to copy filtered resources, i.e. build is platform dependent!
2019-09-17 15:28:21,972 [Worker-125] INFO  o.e.m.c.i.embedder.EclipseLogger - Copying 2 resources
2019-09-17 15:28:21,973 [Worker-125] WARN  o.e.m.c.i.embedder.EclipseLogger - Using platform encoding (Cp1252 actually) to copy filtered resources, i.e. build is platform dependent!
2019-09-17 15:28:21,980 [Worker-125] INFO  o.e.m.c.i.embedder.EclipseLogger - skip non existing resourceDirectory D:\hcljava\Day29\java8streams\src\test\resources
2019-09-17 15:31:21,278 [Worker-132] WARN  o.e.m.c.i.embedder.EclipseLogger - Using platform encoding (Cp1252 actually) to copy filtered resources, i.e. build is platform dependent!
2019-09-17 15:31:21,288 [Worker-132] INFO  o.e.m.c.i.embedder.EclipseLogger - Copying 2 resources
2019-09-17 15:31:21,289 [Worker-132] WARN  o.e.m.c.i.embedder.EclipseLogger - Using platform encoding (Cp1252 actually) to copy filtered resources, i.e. build is platform dependent!
2019-09-17 15:31:21,296 [Worker-132] INFO  o.e.m.c.i.embedder.EclipseLogger - skip non existing resourceDirectory D:\hcljava\Day29\java8streams\src\test\resources
2019-09-17 15:34:12,359 [Worker-130] WARN  o.e.m.c.i.embedder.EclipseLogger - Using platform encoding (Cp1252 actually) to copy filtered resources, i.e. build is platform dependent!
2019-09-17 15:34:12,368 [Worker-130] INFO  o.e.m.c.i.embedder.EclipseLogger - Copying 2 resources
2019-09-17 15:34:12,369 [Worker-130] WARN  o.e.m.c.i.embedder.EclipseLogger - Using platform encoding (Cp1252 actually) to copy filtered resources, i.e. build is platform dependent!
2019-09-17 15:34:12,379 [Worker-130] INFO  o.e.m.c.i.embedder.EclipseLogger - skip non existing resourceDirectory D:\hcljava\Day29\java8streams\src\test\resources
2019-09-17 15:34:49,977 [Worker-132] WARN  o.e.m.c.i.embedder.EclipseLogger - Using platform encoding (Cp1252 actually) to copy filtered resources, i.e. build is platform dependent!
2019-09-17 15:34:49,988 [Worker-132] INFO  o.e.m.c.i.embedder.EclipseLogger - Copying 2 resources
2019-09-17 15:34:49,989 [Worker-132] WARN  o.e.m.c.i.embedder.EclipseLogger - Using platform encoding (Cp1252 actually) to copy filtered resources, i.e. build is platform dependent!
2019-09-17 15:34:49,999 [Worker-132] INFO  o.e.m.c.i.embedder.EclipseLogger - skip non existing resourceDirectory D:\hcljava\Day29\java8streams\src\test\resources
2019-09-17 15:42:51,503 [Worker-136] WARN  o.e.m.c.i.embedder.EclipseLogger - Using platform encoding (Cp1252 actually) to copy filtered resources, i.e. build is platform dependent!
2019-09-17 15:42:51,537 [Worker-136] INFO  o.e.m.c.i.embedder.EclipseLogger - Copying 0 resource
2019-09-17 15:42:51,539 [Worker-136] WARN  o.e.m.c.i.embedder.EclipseLogger - Using platform encoding (Cp1252 actually) to copy filtered resources, i.e. build is platform dependent!
2019-09-17 15:42:51,548 [Worker-136] INFO  o.e.m.c.i.embedder.EclipseLogger - skip non existing resourceDirectory D:\hcljava\Day29\java8streams\src\test\resources
2019-09-17 16:18:20,723 [Worker-143] WARN  o.e.m.c.i.embedder.EclipseLogger - Using platform encoding (Cp1252 actually) to copy filtered resources, i.e. build is platform dependent!
2019-09-17 16:18:20,734 [Worker-143] INFO  o.e.m.c.i.embedder.EclipseLogger - Copying 0 resource
2019-09-17 16:18:20,736 [Worker-143] WARN  o.e.m.c.i.embedder.EclipseLogger - Using platform encoding (Cp1252 actually) to copy filtered resources, i.e. build is platform dependent!
2019-09-17 16:18:20,747 [Worker-143] INFO  o.e.m.c.i.embedder.EclipseLogger - skip non existing resourceDirectory D:\hcljava\Day29\java8streams\src\test\resources
2019-09-17 16:18:27,560 [Worker-138] WARN  o.e.m.c.i.embedder.EclipseLogger - Using platform encoding (Cp1252 actually) to copy filtered resources, i.e. build is platform dependent!
2019-09-17 16:18:27,570 [Worker-138] INFO  o.e.m.c.i.embedder.EclipseLogger - Copying 0 resource
2019-09-17 16:18:27,571 [Worker-138] WARN  o.e.m.c.i.embedder.EclipseLogger - Using platform encoding (Cp1252 actually) to copy filtered resources, i.e. build is platform dependent!
2019-09-17 16:18:27,579 [Worker-138] INFO  o.e.m.c.i.embedder.EclipseLogger - skip non existing resourceDirectory D:\hcljava\Day29\java8streams\src\test\resources
2019-09-17 16:19:37,429 [Worker-147] WARN  o.e.m.c.i.embedder.EclipseLogger - Using platform encoding (Cp1252 actually) to copy filtered resources, i.e. build is platform dependent!
2019-09-17 16:19:37,436 [Worker-147] INFO  o.e.m.c.i.embedder.EclipseLogger - Copying 2 resources
2019-09-17 16:19:37,437 [Worker-147] WARN  o.e.m.c.i.embedder.EclipseLogger - Using platform encoding (Cp1252 actually) to copy filtered resources, i.e. build is platform dependent!
2019-09-17 16:19:37,444 [Worker-147] INFO  o.e.m.c.i.embedder.EclipseLogger - skip non existing resourceDirectory D:\hcljava\Day29\java8streams\src\test\resources
2019-09-17 16:21:27,921 [Worker-146] WARN  o.e.m.c.i.embedder.EclipseLogger - Using platform encoding (Cp1252 actually) to copy filtered resources, i.e. build is platform dependent!
2019-09-17 16:21:27,934 [Worker-146] INFO  o.e.m.c.i.embedder.EclipseLogger - Copying 0 resource
2019-09-17 16:21:27,935 [Worker-146] WARN  o.e.m.c.i.embedder.EclipseLogger - Using platform encoding (Cp1252 actually) to copy filtered resources, i.e. build is platform dependent!
2019-09-17 16:21:27,946 [Worker-146] INFO  o.e.m.c.i.embedder.EclipseLogger - skip non existing resourceDirectory D:\hcljava\Day29\java8streams\src\test\resources
2019-09-17 16:33:45,516 [Worker-147] WARN  o.e.m.c.i.embedder.EclipseLogger - Using platform encoding (Cp1252 actually) to copy filtered resources, i.e. build is platform dependent!
2019-09-17 16:33:45,529 [Worker-147] INFO  o.e.m.c.i.embedder.EclipseLogger - Copying 0 resource
2019-09-17 16:33:45,531 [Worker-147] WARN  o.e.m.c.i.embedder.EclipseLogger - Using platform encoding (Cp1252 actually) to copy filtered resources, i.e. build is platform dependent!
2019-09-17 16:33:45,541 [Worker-147] INFO  o.e.m.c.i.embedder.EclipseLogger - skip non existing resourceDirectory D:\hcljava\Day29\java8streams\src\test\resources
2019-09-17 16:38:51,472 [Worker-152] WARN  o.e.m.c.i.embedder.EclipseLogger - Using platform encoding (Cp1252 actually) to copy filtered resources, i.e. build is platform dependent!
2019-09-17 16:38:51,480 [Worker-152] INFO  o.e.m.c.i.embedder.EclipseLogger - Copying 0 resource
2019-09-17 16:38:51,481 [Worker-152] WARN  o.e.m.c.i.embedder.EclipseLogger - Using platform encoding (Cp1252 actually) to copy filtered resources, i.e. build is platform dependent!
2019-09-17 16:38:51,491 [Worker-152] INFO  o.e.m.c.i.embedder.EclipseLogger - skip non existing resourceDirectory D:\hcljava\Day29\java8streams\src\test\resources
2019-09-17 16:39:32,217 [Worker-153] WARN  o.e.m.c.i.embedder.EclipseLogger - Using platform encoding (Cp1252 actually) to copy filtered resources, i.e. build is platform dependent!
2019-09-17 16:39:32,232 [Worker-153] INFO  o.e.m.c.i.embedder.EclipseLogger - Copying 0 resource
2019-09-17 16:39:32,233 [Worker-153] WARN  o.e.m.c.i.embedder.EclipseLogger - Using platform encoding (Cp1252 actually) to copy filtered resources, i.e. build is platform dependent!
2019-09-17 16:39:32,248 [Worker-153] INFO  o.e.m.c.i.embedder.EclipseLogger - skip non existing resourceDirectory D:\hcljava\Day29\java8streams\src\test\resources
2019-09-17 16:42:03,226 [Worker-136] WARN  o.e.m.c.i.embedder.EclipseLogger - Using platform encoding (Cp1252 actually) to copy filtered resources, i.e. build is platform dependent!
2019-09-17 16:42:03,236 [Worker-136] INFO  o.e.m.c.i.embedder.EclipseLogger - Copying 0 resource
2019-09-17 16:42:03,238 [Worker-136] WARN  o.e.m.c.i.embedder.EclipseLogger - Using platform encoding (Cp1252 actually) to copy filtered resources, i.e. build is platform dependent!
2019-09-17 16:42:03,247 [Worker-136] INFO  o.e.m.c.i.embedder.EclipseLogger - skip non existing resourceDirectory D:\hcljava\Day29\java8streams\src\test\resources
2019-09-17 16:42:20,184 [Worker-136] WARN  o.e.m.c.i.embedder.EclipseLogger - Using platform encoding (Cp1252 actually) to copy filtered resources, i.e. build is platform dependent!
2019-09-17 16:42:20,199 [Worker-136] INFO  o.e.m.c.i.embedder.EclipseLogger - Copying 0 resource
2019-09-17 16:42:20,200 [Worker-136] WARN  o.e.m.c.i.embedder.EclipseLogger - Using platform encoding (Cp1252 actually) to copy filtered resources, i.e. build is platform dependent!
2019-09-17 16:42:20,210 [Worker-136] INFO  o.e.m.c.i.embedder.EclipseLogger - skip non existing resourceDirectory D:\hcljava\Day29\java8streams\src\test\resources
2019-09-17 16:42:25,344 [Worker-152] WARN  o.e.m.c.i.embedder.EclipseLogger - Using platform encoding (Cp1252 actually) to copy filtered resources, i.e. build is platform dependent!
2019-09-17 16:42:25,354 [Worker-152] INFO  o.e.m.c.i.embedder.EclipseLogger - Copying 0 resource
2019-09-17 16:42:25,355 [Worker-152] WARN  o.e.m.c.i.embedder.EclipseLogger - Using platform encoding (Cp1252 actually) to copy filtered resources, i.e. build is platform dependent!
2019-09-17 16:42:25,364 [Worker-152] INFO  o.e.m.c.i.embedder.EclipseLogger - skip non existing resourceDirectory D:\hcljava\Day29\java8streams\src\test\resources
2019-09-17 16:43:58,659 [Worker-136] WARN  o.e.m.c.i.embedder.EclipseLogger - Using platform encoding (Cp1252 actually) to copy filtered resources, i.e. build is platform dependent!
2019-09-17 16:43:58,666 [Worker-136] INFO  o.e.m.c.i.embedder.EclipseLogger - Copying 0 resource
2019-09-17 16:43:58,667 [Worker-136] WARN  o.e.m.c.i.embedder.EclipseLogger - Using platform encoding (Cp1252 actually) to copy filtered resources, i.e. build is platform dependent!
2019-09-17 16:43:58,677 [Worker-136] INFO  o.e.m.c.i.embedder.EclipseLogger - skip non existing resourceDirectory D:\hcljava\Day29\java8streams\src\test\resources
2019-09-17 16:45:37,295 [Worker-152] WARN  o.e.m.c.i.embedder.EclipseLogger - Using platform encoding (Cp1252 actually) to copy filtered resources, i.e. build is platform dependent!
2019-09-17 16:45:37,303 [Worker-152] INFO  o.e.m.c.i.embedder.EclipseLogger - Copying 2 resources
2019-09-17 16:45:37,305 [Worker-152] WARN  o.e.m.c.i.embedder.EclipseLogger - Using platform encoding (Cp1252 actually) to copy filtered resources, i.e. build is platform dependent!
2019-09-17 16:45:37,312 [Worker-152] INFO  o.e.m.c.i.embedder.EclipseLogger - skip non existing resourceDirectory D:\hcljava\Day29\java8streams\src\test\resources
2019-09-17 16:45:58,404 [Worker-138] WARN  o.e.m.c.i.embedder.EclipseLogger - Using platform encoding (Cp1252 actually) to copy filtered resources, i.e. build is platform dependent!
2019-09-17 16:45:58,410 [Worker-138] INFO  o.e.m.c.i.embedder.EclipseLogger - Copying 2 resources
2019-09-17 16:45:58,411 [Worker-138] WARN  o.e.m.c.i.embedder.EclipseLogger - Using platform encoding (Cp1252 actually) to copy filtered resources, i.e. build is platform dependent!
2019-09-17 16:45:58,421 [Worker-138] INFO  o.e.m.c.i.embedder.EclipseLogger - skip non existing resourceDirectory D:\hcljava\Day29\java8streams\src\test\resources
2019-09-17 17:08:43,112 [Worker-169] WARN  o.e.m.c.i.embedder.EclipseLogger - Using platform encoding (Cp1252 actually) to copy filtered resources, i.e. build is platform dependent!
2019-09-17 17:08:43,124 [Worker-169] INFO  o.e.m.c.i.embedder.EclipseLogger - Copying 2 resources
2019-09-17 17:08:43,125 [Worker-169] WARN  o.e.m.c.i.embedder.EclipseLogger - Using platform encoding (Cp1252 actually) to copy filtered resources, i.e. build is platform dependent!
2019-09-17 17:08:43,135 [Worker-169] INFO  o.e.m.c.i.embedder.EclipseLogger - skip non existing resourceDirectory D:\hcljava\Day29\java8streams\src\test\resources
2019-09-17 17:17:39,923 [Worker-173] WARN  o.e.m.c.i.embedder.EclipseLogger - Using platform encoding (Cp1252 actually) to copy filtered resources, i.e. build is platform dependent!
2019-09-17 17:17:39,944 [Worker-173] INFO  o.e.m.c.i.embedder.EclipseLogger - Copying 0 resource
2019-09-17 17:17:39,945 [Worker-173] WARN  o.e.m.c.i.embedder.EclipseLogger - Using platform encoding (Cp1252 actually) to copy filtered resources, i.e. build is platform dependent!
2019-09-17 17:17:39,963 [Worker-173] INFO  o.e.m.c.i.embedder.EclipseLogger - skip non existing resourceDirectory D:\hcljava\Day29\java8streams\src\test\resources
2019-09-17 17:17:53,631 [Worker-173] WARN  o.e.m.c.i.embedder.EclipseLogger - Using platform encoding (Cp1252 actually) to copy filtered resources, i.e. build is platform dependent!
2019-09-17 17:17:53,644 [Worker-173] INFO  o.e.m.c.i.embedder.EclipseLogger - Copying 0 resource
2019-09-17 17:17:53,645 [Worker-173] WARN  o.e.m.c.i.embedder.EclipseLogger - Using platform encoding (Cp1252 actually) to copy filtered resources, i.e. build is platform dependent!
2019-09-17 17:17:53,656 [Worker-173] INFO  o.e.m.c.i.embedder.EclipseLogger - skip non existing resourceDirectory D:\hcljava\Day29\java8streams\src\test\resources
2019-09-17 17:18:12,744 [Worker-177] WARN  o.e.m.c.i.embedder.EclipseLogger - Using platform encoding (Cp1252 actually) to copy filtered resources, i.e. build is platform dependent!
2019-09-17 17:18:12,753 [Worker-177] INFO  o.e.m.c.i.embedder.EclipseLogger - Copying 0 resource
2019-09-17 17:18:12,755 [Worker-177] WARN  o.e.m.c.i.embedder.EclipseLogger - Using platform encoding (Cp1252 actually) to copy filtered resources, i.e. build is platform dependent!
2019-09-17 17:18:12,762 [Worker-177] INFO  o.e.m.c.i.embedder.EclipseLogger - skip non existing resourceDirectory D:\hcljava\Day29\java8streams\src\test\resources
2019-09-17 17:19:09,879 [Worker-177] WARN  o.e.m.c.i.embedder.EclipseLogger - Using platform encoding (Cp1252 actually) to copy filtered resources, i.e. build is platform dependent!
2019-09-17 17:19:09,886 [Worker-177] INFO  o.e.m.c.i.embedder.EclipseLogger - Copying 2 resources
2019-09-17 17:19:09,887 [Worker-177] WARN  o.e.m.c.i.embedder.EclipseLogger - Using platform encoding (Cp1252 actually) to copy filtered resources, i.e. build is platform dependent!
2019-09-17 17:19:09,894 [Worker-177] INFO  o.e.m.c.i.embedder.EclipseLogger - skip non existing resourceDirectory D:\hcljava\Day29\java8streams\src\test\resources
2019-09-17 17:19:12,226 [Worker-175] WARN  o.e.m.c.i.embedder.EclipseLogger - Using platform encoding (Cp1252 actually) to copy filtered resources, i.e. build is platform dependent!
2019-09-17 17:19:12,234 [Worker-175] INFO  o.e.m.c.i.embedder.EclipseLogger - Copying 2 resources
2019-09-17 17:19:12,235 [Worker-175] WARN  o.e.m.c.i.embedder.EclipseLogger - Using platform encoding (Cp1252 actually) to copy filtered resources, i.e. build is platform dependent!
2019-09-17 17:19:12,242 [Worker-175] INFO  o.e.m.c.i.embedder.EclipseLogger - skip non existing resourceDirectory D:\hcljava\Day29\java8streams\src\test\resources
2019-09-17 17:19:22,078 [Worker-172] WARN  o.e.m.c.i.embedder.EclipseLogger - Using platform encoding (Cp1252 actually) to copy filtered resources, i.e. build is platform dependent!
2019-09-17 17:19:22,088 [Worker-172] INFO  o.e.m.c.i.embedder.EclipseLogger - Copying 2 resources
2019-09-17 17:19:22,089 [Worker-172] WARN  o.e.m.c.i.embedder.EclipseLogger - Using platform encoding (Cp1252 actually) to copy filtered resources, i.e. build is platform dependent!
2019-09-17 17:19:22,097 [Worker-172] INFO  o.e.m.c.i.embedder.EclipseLogger - skip non existing resourceDirectory D:\hcljava\Day29\java8streams\src\test\resources
2019-09-17 17:19:38,578 [Worker-172] WARN  o.e.m.c.i.embedder.EclipseLogger - Using platform encoding (Cp1252 actually) to copy filtered resources, i.e. build is platform dependent!
2019-09-17 17:19:38,585 [Worker-172] INFO  o.e.m.c.i.embedder.EclipseLogger - Copying 2 resources
2019-09-17 17:19:38,586 [Worker-172] WARN  o.e.m.c.i.embedder.EclipseLogger - Using platform encoding (Cp1252 actually) to copy filtered resources, i.e. build is platform dependent!
2019-09-17 17:19:38,592 [Worker-172] INFO  o.e.m.c.i.embedder.EclipseLogger - skip non existing resourceDirectory D:\hcljava\Day29\java8streams\src\test\resources
2019-09-17 17:19:48,015 [Worker-174] WARN  o.e.m.c.i.embedder.EclipseLogger - Using platform encoding (Cp1252 actually) to copy filtered resources, i.e. build is platform dependent!
2019-09-17 17:19:48,023 [Worker-174] INFO  o.e.m.c.i.embedder.EclipseLogger - Copying 2 resources
2019-09-17 17:19:48,024 [Worker-174] WARN  o.e.m.c.i.embedder.EclipseLogger - Using platform encoding (Cp1252 actually) to copy filtered resources, i.e. build is platform dependent!
2019-09-17 17:19:48,030 [Worker-174] INFO  o.e.m.c.i.embedder.EclipseLogger - skip non existing resourceDirectory D:\hcljava\Day29\java8streams\src\test\resources
2019-09-17 17:20:36,116 [Worker-176] WARN  o.e.m.c.i.embedder.EclipseLogger - Using platform encoding (Cp1252 actually) to copy filtered resources, i.e. build is platform dependent!
2019-09-17 17:20:36,123 [Worker-176] INFO  o.e.m.c.i.embedder.EclipseLogger - Copying 2 resources
2019-09-17 17:20:36,124 [Worker-176] WARN  o.e.m.c.i.embedder.EclipseLogger - Using platform encoding (Cp1252 actually) to copy filtered resources, i.e. build is platform dependent!
2019-09-17 17:20:36,130 [Worker-176] INFO  o.e.m.c.i.embedder.EclipseLogger - skip non existing resourceDirectory D:\hcljava\Day29\java8streams\src\test\resources
2019-09-17 17:21:55,698 [Worker-172] WARN  o.e.m.c.i.embedder.EclipseLogger - Using platform encoding (Cp1252 actually) to copy filtered resources, i.e. build is platform dependent!
2019-09-17 17:21:55,708 [Worker-172] INFO  o.e.m.c.i.embedder.EclipseLogger - Copying 0 resource
2019-09-17 17:21:55,708 [Worker-172] WARN  o.e.m.c.i.embedder.EclipseLogger - Using platform encoding (Cp1252 actually) to copy filtered resources, i.e. build is platform dependent!
2019-09-17 17:21:55,717 [Worker-172] INFO  o.e.m.c.i.embedder.EclipseLogger - skip non existing resourceDirectory D:\hcljava\Day29\java8streams\src\test\resources
2019-09-17 17:24:05,760 [Worker-175] WARN  o.e.m.c.i.embedder.EclipseLogger - Using platform encoding (Cp1252 actually) to copy filtered resources, i.e. build is platform dependent!
2019-09-17 17:24:05,768 [Worker-175] INFO  o.e.m.c.i.embedder.EclipseLogger - Copying 2 resources
2019-09-17 17:24:05,769 [Worker-175] WARN  o.e.m.c.i.embedder.EclipseLogger - Using platform encoding (Cp1252 actually) to copy filtered resources, i.e. build is platform dependent!
2019-09-17 17:24:05,775 [Worker-175] INFO  o.e.m.c.i.embedder.EclipseLogger - skip non existing resourceDirectory D:\hcljava\Day29\java8streams\src\test\resources
2019-09-17 17:25:07,782 [Worker-173] WARN  o.e.m.c.i.embedder.EclipseLogger - Using platform encoding (Cp1252 actually) to copy filtered resources, i.e. build is platform dependent!
2019-09-17 17:25:07,792 [Worker-173] INFO  o.e.m.c.i.embedder.EclipseLogger - Copying 2 resources
2019-09-17 17:25:07,794 [Worker-173] WARN  o.e.m.c.i.embedder.EclipseLogger - Using platform encoding (Cp1252 actually) to copy filtered resources, i.e. build is platform dependent!
2019-09-17 17:25:07,803 [Worker-173] INFO  o.e.m.c.i.embedder.EclipseLogger - skip non existing resourceDirectory D:\hcljava\Day29\java8streams\src\test\resources
2019-09-17 17:25:47,660 [Worker-176] WARN  o.e.m.c.i.embedder.EclipseLogger - Using platform encoding (Cp1252 actually) to copy filtered resources, i.e. build is platform dependent!
2019-09-17 17:25:47,667 [Worker-176] INFO  o.e.m.c.i.embedder.EclipseLogger - Copying 2 resources
2019-09-17 17:25:47,668 [Worker-176] WARN  o.e.m.c.i.embedder.EclipseLogger - Using platform encoding (Cp1252 actually) to copy filtered resources, i.e. build is platform dependent!
2019-09-17 17:25:47,675 [Worker-176] INFO  o.e.m.c.i.embedder.EclipseLogger - skip non existing resourceDirectory D:\hcljava\Day29\java8streams\src\test\resources
2019-09-17 17:27:16,420 [Worker-178] WARN  o.e.m.c.i.embedder.EclipseLogger - Using platform encoding (Cp1252 actually) to copy filtered resources, i.e. build is platform dependent!
2019-09-17 17:27:16,431 [Worker-178] INFO  o.e.m.c.i.embedder.EclipseLogger - Copying 2 resources
2019-09-17 17:27:16,432 [Worker-178] WARN  o.e.m.c.i.embedder.EclipseLogger - Using platform encoding (Cp1252 actually) to copy filtered resources, i.e. build is platform dependent!
2019-09-17 17:27:16,442 [Worker-178] INFO  o.e.m.c.i.embedder.EclipseLogger - skip non existing resourceDirectory D:\hcljava\Day29\java8streams\src\test\resources
2019-09-17 17:27:26,893 [Worker-175] WARN  o.e.m.c.i.embedder.EclipseLogger - Using platform encoding (Cp1252 actually) to copy filtered resources, i.e. build is platform dependent!
2019-09-17 17:27:26,901 [Worker-175] INFO  o.e.m.c.i.embedder.EclipseLogger - Copying 2 resources
2019-09-17 17:27:26,902 [Worker-175] WARN  o.e.m.c.i.embedder.EclipseLogger - Using platform encoding (Cp1252 actually) to copy filtered resources, i.e. build is platform dependent!
2019-09-17 17:27:26,909 [Worker-175] INFO  o.e.m.c.i.embedder.EclipseLogger - skip non existing resourceDirectory D:\hcljava\Day29\java8streams\src\test\resources
2019-09-17 17:27:54,141 [Worker-176] WARN  o.e.m.c.i.embedder.EclipseLogger - Using platform encoding (Cp1252 actually) to copy filtered resources, i.e. build is platform dependent!
2019-09-17 17:27:54,148 [Worker-176] INFO  o.e.m.c.i.embedder.EclipseLogger - Copying 2 resources
2019-09-17 17:27:54,149 [Worker-176] WARN  o.e.m.c.i.embedder.EclipseLogger - Using platform encoding (Cp1252 actually) to copy filtered resources, i.e. build is platform dependent!
2019-09-17 17:27:54,156 [Worker-176] INFO  o.e.m.c.i.embedder.EclipseLogger - skip non existing resourceDirectory D:\hcljava\Day29\java8streams\src\test\resources
2019-09-17 17:33:05,721 [Worker-175] WARN  o.e.m.c.i.embedder.EclipseLogger - Using platform encoding (Cp1252 actually) to copy filtered resources, i.e. build is platform dependent!
2019-09-17 17:33:05,729 [Worker-175] INFO  o.e.m.c.i.embedder.EclipseLogger - Copying 2 resources
2019-09-17 17:33:05,730 [Worker-175] WARN  o.e.m.c.i.embedder.EclipseLogger - Using platform encoding (Cp1252 actually) to copy filtered resources, i.e. build is platform dependent!
2019-09-17 17:33:05,736 [Worker-175] INFO  o.e.m.c.i.embedder.EclipseLogger - skip non existing resourceDirectory D:\hcljava\Day29\java8streams\src\test\resources
